Watching for file changes with StatReloader
Waiting for apps ready_event.
Apps ready_event triggered. Sending autoreload_started signal.
Watching dir C:\Users\LENOVO\Desktop\Guawolin\templates with glob **/*.
Watching dir C:\Users\LENOVO\Desktop\Guawolin\locale with glob **/*.mo.
Watching dir C:\Users\LENOVO\Desktop\Guawolin\tickets\locale with glob **/*.mo.
(0.002) 
            SELECT name, type FROM sqlite_master
            WHERE type in ('table', 'view') AND NOT name='sqlite_sequence'
            ORDER BY name; args=None; alias=default
(0.001) SELECT "django_migrations"."id", "django_migrations"."app", "django_migrations"."name", "django_migrations"."applied" FROM "django_migrations"; args=(); alias=default
File C:\Users\LENOVO\Desktop\Guawolin\venv\Lib\site-packages\django\contrib\contenttypes\admin.py first seen with mtime 1760156911.3524184
File C:\Users\LENOVO\Desktop\Guawolin\venv\Lib\site-packages\django\utils\cache.py first seen with mtime 1760156913.82183
File C:\Users\LENOVO\Desktop\Guawolin\venv\Lib\site-packages\django\db\backends\base\features.py first seen with mtime 1760156913.6093829
File C:\Users\LENOVO\Desktop\Guawolin\venv\Lib\site-packages\django\core\checks\compatibility\django_4_0.py first seen with mtime 1760156913.532589
File C:\Users\LENOVO\Desktop\Guawolin\venv\Lib\site-packages\django\contrib\admin\views\main.py first seen with mtime 1760156910.9115958
File C:\Users\LENOVO\Desktop\Guawolin\venv\Lib\site-packages\qrcode\image\styles\moduledrawers\base.py first seen with mtime 1764562470.6775079
File C:\Program Files\Python313\Lib\mimetypes.py first seen with mtime 1733281048.0
File C:\Program Files\Python313\DLLs\_queue.pyd first seen with mtime 1733281092.0
File C:\Program Files\Python313\Lib\json\decoder.py first seen with mtime 1733281048.0
File C:\Users\LENOVO\Desktop\Guawolin\venv\Lib\site-packages\django\views\generic\dates.py first seen with mtime 1760156913.866695
File C:\Program Files\Python313\DLLs\_uuid.pyd first seen with mtime 1733281092.0
File C:\Users\LENOVO\Desktop\Guawolin\venv\Lib\site-packages\django\shortcuts.py first seen with mtime 1760156909.9770954
File C:\Users\LENOVO\Desktop\Guawolin\venv\Lib\site-packages\django\contrib\sites\__init__.py first seen with mtime 1760156913.2483487
File C:\Program Files\Python313\DLLs\_wmi.pyd first seen with mtime 1733281092.0
File C:\Users\LENOVO\Desktop\Guawolin\venv\Lib\site-packages\django\core\management\color.py first seen with mtime 1760156913.5645041
File C:\Program Files\Python313\Lib\email\iterators.py first seen with mtime 1733281048.0
File C:\Program Files\Python313\Lib\weakref.py first seen with mtime 1733281050.0
File C:\Program Files\Python313\Lib\asyncio\base_futures.py first seen with mtime 1733281048.0
File C:\Users\LENOVO\Desktop\Guawolin\venv\Lib\site-packages\django\core\paginator.py first seen with mtime 1760156913.5106542
File C:\Users\LENOVO\Desktop\Guawolin\venv\Lib\site-packages\django\contrib\messages\storage\base.py first seen with mtime 1760156912.4135802
File C:\Users\LENOVO\Desktop\Guawolin\venv\Lib\site-packages\django\utils\choices.py first seen with mtime 1760156913.8228128
File C:\Users\LENOVO\Desktop\Guawolin\venv\Lib\site-packages\django\views\decorators\debug.py first seen with mtime 1760156913.862707
File C:\Program Files\Python313\Lib\token.py first seen with mtime 1733281050.0
File C:\Users\LENOVO\Desktop\Guawolin\venv\Lib\site-packages\django\contrib\auth\views.py first seen with mtime 1760156911.134001
File C:\Users\LENOVO\Desktop\Guawolin\venv\Lib\site-packages\whitenoise\responders.py first seen with mtime 1760326946.8502762
File C:\Users\LENOVO\Desktop\Guawolin\venv\Lib\site-packages\whitenoise\__init__.py first seen with mtime 1760326946.8462863
File C:\Users\LENOVO\Desktop\Guawolin\venv\Lib\site-packages\django\contrib\auth\forms.py first seen with mtime 1760156911.12702
File C:\Users\LENOVO\Desktop\Guawolin\venv\Lib\site-packages\django\db\models\enums.py first seen with mtime 1760156913.6702213
File C:\Program Files\Python313\Lib\urllib\request.py first seen with mtime 1733281050.0
File C:\Program Files\Python313\Lib\concurrent\futures\_base.py first seen with mtime 1733281048.0
File C:\Program Files\Python313\Lib\pickle.py first seen with mtime 1733281048.0
File C:\Users\LENOVO\Desktop\Guawolin\venv\Lib\site-packages\stripe\_util.py first seen with mtime 1765331948.5374813
File C:\Users\LENOVO\Desktop\Guawolin\venv\Lib\site-packages\django\contrib\sessions\base_session.py first seen with mtime 1760156912.9641092
File C:\Users\LENOVO\Desktop\Guawolin\venv\Lib\site-packages\django\contrib\admin\filters.py first seen with mtime 1760156910.3570783
File C:\Users\LENOVO\Desktop\Guawolin\venv\Lib\site-packages\django\forms\fields.py first seen with mtime 1760156913.7061245
File C:\Program Files\Python313\Lib\email\mime\multipart.py first seen with mtime 1733281048.0
File C:\Program Files\Python313\Lib\graphlib.py first seen with mtime 1733281048.0
File C:\Users\LENOVO\Desktop\Guawolin\venv\Lib\site-packages\django\db\backends\sqlite3\creation.py first seen with mtime 1760156913.6432934
File C:\Users\LENOVO\Desktop\Guawolin\venv\Lib\site-packages\django\db\backends\sqlite3\_functions.py first seen with mtime 1760156913.6412985
File C:\Users\LENOVO\Desktop\Guawolin\venv\Lib\site-packages\django\db\models\functions\datetime.py first seen with mtime 1760156913.690168
File C:\Users\LENOVO\Desktop\Guawolin\venv\Lib\site-packages\django\db\models\lookups.py first seen with mtime 1760156913.6732128
File C:\Program Files\Python313\Lib\encodings\__init__.py first seen with mtime 1733281048.0
File C:\Program Files\Python313\Lib\hashlib.py first seen with mtime 1733281048.0
File C:\Users\LENOVO\Desktop\Guawolin\venv\Lib\site-packages\django\templatetags\cache.py first seen with mtime 1760156913.8018684
File C:\Users\LENOVO\Desktop\Guawolin\venv\Lib\site-packages\django\contrib\admin\helpers.py first seen with mtime 1760156910.3590727
File C:\Program Files\Python313\DLLs\_sqlite3.pyd first seen with mtime 1733281092.0
File C:\Users\LENOVO\Desktop\Guawolin\venv\Lib\site-packages\django\contrib\admin\templatetags\base.py first seen with mtime 1760156910.9086032
File C:\Users\LENOVO\Desktop\Guawolin\venv\Lib\site-packages\django\db\migrations\exceptions.py first seen with mtime 1760156913.650274
File C:\Users\LENOVO\Desktop\Guawolin\venv\Lib\site-packages\django\contrib\sessions\apps.py first seen with mtime 1760156912.963112
File C:\Users\LENOVO\Desktop\Guawolin\venv\Lib\site-packages\django\core\handlers\asgi.py first seen with mtime 1760156913.5495443
File C:\Users\LENOVO\Desktop\Guawolin\venv\Lib\site-packages\django\core\serializers\json.py first seen with mtime 1760156913.5924292
File C:\Users\LENOVO\Desktop\Guawolin\venv\Lib\site-packages\django\db\models\functions\window.py first seen with mtime 1760156913.695154
File C:\Program Files\Python313\Lib\email\_parseaddr.py first seen with mtime 1733281048.0
File C:\Users\LENOVO\Desktop\Guawolin\venv\Lib\site-packages\django\db\backends\base\client.py first seen with mtime 1760156913.6073897
File C:\Users\LENOVO\Desktop\Guawolin\venv\Lib\site-packages\django\db\models\fields\proxy.py first seen with mtime 1760156913.6831858
File C:\Program Files\Python313\Lib\logging\handlers.py first seen with mtime 1733281048.0
File C:\Program Files\Python313\Lib\pathlib\_abc.py first seen with mtime 1733281048.0
File C:\Users\LENOVO\Desktop\Guawolin\venv\Lib\site-packages\django\db\models\functions\comparison.py first seen with mtime 1760156913.6891701
File C:\Program Files\Python313\Lib\email\encoders.py first seen with mtime 1733281048.0
File C:\Users\LENOVO\Desktop\Guawolin\venv\Lib\site-packages\django\utils\log.py first seen with mtime 1760156913.840765
File C:\Users\LENOVO\Desktop\Guawolin\venv\Lib\site-packages\typing_extensions.py first seen with mtime 1765331947.1684806
File C:\Users\LENOVO\Desktop\Guawolin\venv\Lib\site-packages\django\contrib\messages\utils.py first seen with mtime 1760156912.410588
File C:\Program Files\Python313\Lib\platform.py first seen with mtime 1733281048.0
File C:\Program Files\Python313\Lib\asyncio\__init__.py first seen with mtime 1733281048.0
File C:\Program Files\Python313\Lib\asyncio\base_subprocess.py first seen with mtime 1733281048.0
File C:\Users\LENOVO\Desktop\Guawolin\venv\Lib\site-packages\stripe\_api_version.py first seen with mtime 1765331948.3944802
File C:\Users\LENOVO\Desktop\Guawolin\venv\Lib\site-packages\django\contrib\staticfiles\handlers.py first seen with mtime 1760156913.495687
File C:\Users\LENOVO\Desktop\Guawolin\venv\Lib\site-packages\django\db\migrations\operations\base.py first seen with mtime 1760156913.6612442
File C:\Users\LENOVO\Desktop\Guawolin\venv\Lib\site-packages\django\contrib\messages\storage\__init__.py first seen with mtime 1760156912.4125829
File C:\Users\LENOVO\Desktop\Guawolin\venv\Lib\site-packages\django\utils\_os.py first seen with mtime 1760156913.818823
File C:\Users\LENOVO\Desktop\Guawolin\venv\Lib\site-packages\django\core\files\images.py first seen with mtime 1760156913.5385723
File C:\Users\LENOVO\Desktop\Guawolin\venv\Lib\site-packages\sqlparse\utils.py first seen with mtime 1760156909.1293619
File C:\Program Files\Python313\DLLs\_socket.pyd first seen with mtime 1733281092.0
File C:\Program Files\Python313\Lib\urllib\__init__.py first seen with mtime 1733281050.0
File C:\Users\LENOVO\Desktop\Guawolin\tickets\admin.py first seen with mtime 1759885997.0343618
File C:\Program Files\Python313\DLLs\_ssl.pyd first seen with mtime 1733281092.0
File C:\Program Files\Python313\Lib\asyncio\sslproto.py first seen with mtime 1733281048.0
File C:\Program Files\Python313\Lib\numbers.py first seen with mtime 1733281048.0
File C:\Users\LENOVO\Desktop\Guawolin\venv\Lib\site-packages\django\db\backends\sqlite3\client.py first seen with mtime 1760156913.6432934
File C:\Users\LENOVO\Desktop\Guawolin\venv\Lib\site-packages\django\template\backends\__init__.py first seen with mtime 1760156913.7918959
File C:\Users\LENOVO\Desktop\Guawolin\venv\Lib\site-packages\django\db\backends\base\validation.py first seen with mtime 1760156913.612376
File C:\Users\LENOVO\Desktop\Guawolin\venv\Lib\site-packages\django\views\debug.py first seen with mtime 1760156913.856722
File C:\Users\LENOVO\Desktop\Guawolin\venv\Lib\site-packages\django\core\files\uploadedfile.py first seen with mtime 1760156913.542563
File C:\Program Files\Python313\Lib\encodings\cp1252.py first seen with mtime 1733281048.0
File C:\Program Files\Python313\DLLs\_zoneinfo.pyd first seen with mtime 1733281092.0
File C:\Users\LENOVO\Desktop\Guawolin\venv\Lib\site-packages\django\db\backends\sqlite3\features.py first seen with mtime 1760156913.6442902
File C:\Program Files\Python313\Lib\locale.py first seen with mtime 1733281048.0
File C:\Program Files\Python313\Lib\email\mime\message.py first seen with mtime 1733281048.0
File C:\Users\LENOVO\Desktop\Guawolin\venv\Lib\site-packages\django\core\validators.py first seen with mtime 1760156913.512642
File C:\Users\LENOVO\Desktop\Guawolin\venv\Lib\site-packages\sqlparse\engine\filter_stack.py first seen with mtime 1760156909.1333506
File C:\Users\LENOVO\Desktop\Guawolin\venv\Lib\site-packages\django\template\engine.py first seen with mtime 1760156913.7869089
File C:\Program Files\Python313\Lib\pkgutil.py first seen with mtime 1733281048.0
File C:\Users\LENOVO\Desktop\Guawolin\venv\Lib\site-packages\django\urls\__init__.py first seen with mtime 1760156913.8128395
File C:\Users\LENOVO\Desktop\Guawolin\venv\Lib\site-packages\django\db\models\options.py first seen with mtime 1760156913.6742103
File C:\Program Files\Python313\Lib\_markupbase.py first seen with mtime 1733281048.0
File C:\Users\LENOVO\Desktop\Guawolin\venv\Lib\site-packages\qrcode\base.py first seen with mtime 1764562470.6655035
File C:\Users\LENOVO\Desktop\Guawolin\venv\Lib\site-packages\django\contrib\contenttypes\forms.py first seen with mtime 1760156911.356417
File C:\Program Files\Python313\Lib\email\mime\__init__.py first seen with mtime 1733281048.0
File C:\Users\LENOVO\Desktop\Guawolin\venv\Lib\site-packages\django\contrib\auth\middleware.py first seen with mtime 1760156911.1290152
File C:\Program Files\Python313\Lib\collections\__init__.py first seen with mtime 1733281048.0
File C:\Users\LENOVO\Desktop\Guawolin\venv\Lib\site-packages\django\contrib\auth\decorators.py first seen with mtime 1760156911.1260295
File C:\Program Files\Python313\Lib\heapq.py first seen with mtime 1733281048.0
File C:\Program Files\Python313\DLLs\_bz2.pyd first seen with mtime 1733281092.0
File C:\Program Files\Python313\Lib\asyncio\base_events.py first seen with mtime 1733281048.0
File C:\Users\LENOVO\Desktop\Guawolin\venv\Lib\site-packages\django\db\backends\sqlite3\base.py first seen with mtime 1760156913.6422963
File C:\Users\LENOVO\Desktop\Guawolin\venv\Lib\site-packages\django\utils\text.py first seen with mtime 1760156913.8457518
File C:\Users\LENOVO\Desktop\Guawolin\venv\Lib\site-packages\django\core\serializers\__init__.py first seen with mtime 1760156913.5904348
File C:\Users\LENOVO\Desktop\Guawolin\venv\Lib\site-packages\django\utils\decorators.py first seen with mtime 1760156913.8287964
File C:\Users\LENOVO\Desktop\Guawolin\venv\Lib\site-packages\PIL\TiffTags.py first seen with mtime 1760491199.6487448
File C:\Program Files\Python313\Lib\encodings\utf_8.py first seen with mtime 1733281048.0
File C:\Program Files\Python313\Lib\lzma.py first seen with mtime 1733281048.0
File C:\Users\LENOVO\Desktop\Guawolin\venv\Lib\site-packages\django\core\files\temp.py first seen with mtime 1760156913.5415647
File C:\Users\LENOVO\Desktop\Guawolin\venv\Lib\site-packages\django\db\models\fields\tuple_lookups.py first seen with mtime 1760156913.6871746
File C:\Users\LENOVO\Desktop\Guawolin\tickets\__init__.py first seen with mtime 1759885997.0264533
File C:\Users\LENOVO\Desktop\Guawolin\venv\Lib\site-packages\django\db\migrations\utils.py first seen with mtime 1760156913.6582532
File C:\Users\LENOVO\Desktop\Guawolin\venv\Lib\site-packages\django\core\cache\__init__.py first seen with mtime 1760156913.5146494
File C:\Users\LENOVO\Desktop\Guawolin\venv\Lib\site-packages\django\db\models\functions\__init__.py first seen with mtime 1760156913.6881733
File C:\Users\LENOVO\Desktop\Guawolin\venv\Lib\site-packages\PIL\_deprecate.py first seen with mtime 1760491199.7803738
File C:\Users\LENOVO\Desktop\Guawolin\venv\Lib\site-packages\PIL\_version.py first seen with mtime 1760491199.877641
File C:\Users\LENOVO\Desktop\Guawolin\venv\Lib\site-packages\django\db\models\functions\mixins.py first seen with mtime 1760156913.6931598
File C:\Program Files\Python313\Lib\urllib\error.py first seen with mtime 1733281050.0
File C:\Program Files\Python313\Lib\wsgiref\util.py first seen with mtime 1733281050.0
File C:\Program Files\Python313\Lib\email\utils.py first seen with mtime 1733281048.0
File C:\Program Files\Python313\Lib\re\__init__.py first seen with mtime 1733281048.0
File C:\Program Files\Python313\Lib\ctypes\__init__.py first seen with mtime 1733281048.0
File C:\Users\LENOVO\Desktop\Guawolin\venv\Lib\site-packages\sqlparse\lexer.py first seen with mtime 1760156909.12637
File C:\Users\LENOVO\Desktop\Guawolin\venv\Lib\site-packages\django\utils\ipv6.py first seen with mtime 1760156913.8377726
File C:\Users\LENOVO\Desktop\Guawolin\venv\Lib\site-packages\whitenoise\base.py first seen with mtime 1760326946.8472836
File C:\Program Files\Python313\Lib\multiprocessing\__init__.py first seen with mtime 1733281048.0
File C:\Users\LENOVO\Desktop\Guawolin\venv\Lib\site-packages\django\template\backends\base.py first seen with mtime 1760156913.792893
File C:\Program Files\Python313\Lib\http\cookies.py first seen with mtime 1733281048.0
File C:\Users\LENOVO\Desktop\Guawolin\venv\Lib\site-packages\sqlparse\filters\others.py first seen with mtime 1760156909.139335
File C:\Users\LENOVO\Desktop\Guawolin\venv\Lib\site-packages\django\template\loaders\filesystem.py first seen with mtime 1760156913.7998748
File C:\Program Files\Python313\Lib\html\parser.py first seen with mtime 1733281048.0
File C:\Program Files\Python313\Lib\struct.py first seen with mtime 1733281048.0
File C:\Program Files\Python313\Lib\email\_policybase.py first seen with mtime 1733281048.0
File C:\Users\LENOVO\Desktop\Guawolin\venv\Lib\site-packages\django\forms\widgets.py first seen with mtime 1760156913.7111108
File C:\Users\LENOVO\Desktop\Guawolin\venv\Lib\site-packages\sqlparse\sql.py first seen with mtime 1760156909.127367
File C:\Program Files\Python313\Lib\ctypes\wintypes.py first seen with mtime 1733281048.0
File C:\Users\LENOVO\Desktop\Guawolin\venv\Lib\site-packages\django\conf\__init__.py first seen with mtime 1760156909.9810839
File C:\Program Files\Python313\Lib\multiprocessing\context.py first seen with mtime 1733281048.0
File C:\Program Files\Python313\Lib\reprlib.py first seen with mtime 1733281048.0
File C:\Program Files\Python313\Lib\importlib\__init__.py first seen with mtime 1733281048.0
File C:\Users\LENOVO\Desktop\Guawolin\venv\Lib\site-packages\django\contrib\admin\models.py first seen with mtime 1760156910.3590727
File C:\Users\LENOVO\Desktop\Guawolin\venv\Lib\site-packages\django\db\models\expressions.py first seen with mtime 1760156913.6712182
File C:\Users\LENOVO\Desktop\Guawolin\manage.py first seen with mtime 1759885996.9674144
File C:\Users\LENOVO\Desktop\Guawolin\venv\Lib\site-packages\sqlparse\__init__.py first seen with mtime 1760156909.1203854
File C:\Users\LENOVO\Desktop\Guawolin\venv\Lib\site-packages\django\views\static.py first seen with mtime 1760156913.858717
File C:\Users\LENOVO\Desktop\Guawolin\venv\Lib\site-packages\django\middleware\__init__.py first seen with mtime 1760156913.7749405
File C:\Users\LENOVO\Desktop\Guawolin\venv\Lib\site-packages\django\core\handlers\exception.py first seen with mtime 1760156913.5515375
File C:\Users\LENOVO\Desktop\Guawolin\venv\Lib\site-packages\stripe\_base_address.py first seen with mtime 1765331948.4074786
File C:\Program Files\Python313\Lib\types.py first seen with mtime 1733281050.0
File C:\Program Files\Python313\Lib\typing.py first seen with mtime 1733281050.0
File C:\Users\LENOVO\Desktop\Guawolin\venv\Lib\site-packages\dj_database_url\__init__.py first seen with mtime 1760316045.603166
File C:\Users\LENOVO\Desktop\Guawolin\venv\Lib\site-packages\django\core\checks\__init__.py first seen with mtime 1760156913.5236125
File C:\Users\LENOVO\Desktop\Guawolin\guawolin\urls.py first seen with mtime 1765441634.5198767
File C:\Program Files\Python313\Lib\dataclasses.py first seen with mtime 1733281048.0
File C:\Users\LENOVO\Desktop\Guawolin\venv\Lib\site-packages\django\utils\translation\trans_real.py first seen with mtime 1760156913.8537369
File C:\Users\LENOVO\Desktop\Guawolin\venv\Lib\site-packages\django\dispatch\dispatcher.py first seen with mtime 1760156913.7031324
File C:\Users\LENOVO\Desktop\Guawolin\venv\Lib\site-packages\django\middleware\cache.py first seen with mtime 1760156913.7759383
File C:\Users\LENOVO\Desktop\Guawolin\venv\Lib\site-packages\dotenv\main.py first seen with mtime 1760334547.9412289
File C:\Users\LENOVO\Desktop\Guawolin\venv\Lib\site-packages\django\http\request.py first seen with mtime 1760156913.7739427
File C:\Users\LENOVO\Desktop\Guawolin\venv\Lib\site-packages\stripe\_api_mode.py first seen with mtime 1765331948.3914814
File C:\Users\LENOVO\Desktop\Guawolin\venv\Lib\site-packages\django\template\backends\django.py first seen with mtime 1760156913.792893
File C:\Program Files\Python313\Lib\asyncio\protocols.py first seen with mtime 1733281048.0
File C:\Users\LENOVO\Desktop\Guawolin\venv\Lib\site-packages\django\views\generic\edit.py first seen with mtime 1760156913.8686905
File C:\Users\LENOVO\Desktop\Guawolin\tickets\urls.py first seen with mtime 1765585929.0931518
File C:\Users\LENOVO\Desktop\Guawolin\venv\Lib\site-packages\django\template\loaders\app_directories.py first seen with mtime 1760156913.7968829
File C:\Program Files\Python313\Lib\asyncio\base_tasks.py first seen with mtime 1733281048.0
File C:\Program Files\Python313\Lib\statistics.py first seen with mtime 1733281048.0
File C:\Users\LENOVO\Desktop\Guawolin\tickets\apps.py first seen with mtime 1759885997.0353453
File C:\Users\LENOVO\Desktop\Guawolin\venv\Lib\site-packages\django\core\files\base.py first seen with mtime 1760156913.5375764
File C:\Program Files\Python313\Lib\tempfile.py first seen with mtime 1733281048.0
File C:\Users\LENOVO\Desktop\Guawolin\venv\Lib\site-packages\whitenoise\media_types.py first seen with mtime 1760326946.8482807
File C:\Users\LENOVO\Desktop\Guawolin\venv\Lib\site-packages\django\template\defaulttags.py first seen with mtime 1760156913.7859116
File C:\Users\LENOVO\Desktop\Guawolin\venv\Lib\site-packages\django\contrib\sites\shortcuts.py first seen with mtime 1760156913.2613158
File C:\Users\LENOVO\Desktop\Guawolin\venv\Lib\site-packages\stripe\_requestor_options.py first seen with mtime 1765331948.5044818
File C:\Users\LENOVO\Desktop\Guawolin\venv\Lib\site-packages\django\db\migrations\migration.py first seen with mtime 1760156913.6532655
File C:\Users\LENOVO\Desktop\Guawolin\venv\Lib\site-packages\django\template\library.py first seen with mtime 1760156913.7879064
File C:\Users\LENOVO\Desktop\Guawolin\venv\Lib\site-packages\asgiref\sync.py first seen with mtime 1760156909.6659262
File C:\Users\LENOVO\Desktop\Guawolin\venv\Lib\site-packages\django\utils\tree.py first seen with mtime 1760156913.8477468
File C:\Program Files\Python313\Lib\asyncio\timeouts.py first seen with mtime 1733281048.0
File C:\Users\LENOVO\Desktop\Guawolin\venv\Lib\site-packages\django\contrib\contenttypes\__init__.py first seen with mtime 1760156911.3524184
File C:\Users\LENOVO\Desktop\Guawolin\venv\Lib\site-packages\django\core\checks\security\csrf.py first seen with mtime 1760156913.534583
File C:\Users\LENOVO\Desktop\Guawolin\venv\Lib\site-packages\qrcode\main.py first seen with mtime 1764562470.680504
File C:\Users\LENOVO\Desktop\Guawolin\venv\Lib\site-packages\django\utils\formats.py first seen with mtime 1760156913.832786
File C:\Users\LENOVO\Desktop\Guawolin\venv\Lib\site-packages\django\contrib\auth\hashers.py first seen with mtime 1760156911.1290152
File C:\Program Files\Python313\Lib\zoneinfo\__init__.py first seen with mtime 1733281050.0
File C:\Program Files\Python313\Lib\email\policy.py first seen with mtime 1733281048.0
File C:\Users\LENOVO\Desktop\Guawolin\venv\Lib\site-packages\django\contrib\admin\sites.py first seen with mtime 1760156910.3620646
File C:\Program Files\Python313\Lib\gzip.py first seen with mtime 1733281048.0
File C:\Program Files\Python313\Lib\importlib\_abc.py first seen with mtime 1733281048.0
File C:\Program Files\Python313\Lib\asyncio\windows_events.py first seen with mtime 1733281048.0
File C:\Program Files\Python313\Lib\encodings\aliases.py first seen with mtime 1733281048.0
File C:\Users\LENOVO\Desktop\Guawolin\venv\Lib\site-packages\django\contrib\staticfiles\utils.py first seen with mtime 1760156913.4996767
File C:\Program Files\Python313\Lib\json\encoder.py first seen with mtime 1733281048.0
File C:\Program Files\Python313\Lib\operator.py first seen with mtime 1733281048.0
File C:\Program Files\Python313\Lib\tokenize.py first seen with mtime 1733281050.0
File C:\Program Files\Python313\Lib\fractions.py first seen with mtime 1733281048.0
File C:\Users\LENOVO\Desktop\Guawolin\venv\Lib\site-packages\django\utils\dateparse.py first seen with mtime 1760156913.8268156
File C:\Users\LENOVO\Desktop\Guawolin\venv\Lib\site-packages\django\core\mail\message.py first seen with mtime 1760156913.5535333
File C:\Users\LENOVO\Desktop\Guawolin\venv\Lib\site-packages\qrcode\image\pure.py first seen with mtime 1764562470.6735024
File C:\Users\LENOVO\Desktop\Guawolin\tickets\forms.py first seen with mtime 1765575496.2353442
File C:\Users\LENOVO\Desktop\Guawolin\venv\Lib\site-packages\qrcode\compat\__init__.py first seen with mtime 1764562470.6665094
File C:\Program Files\Python313\DLLs\_hashlib.pyd first seen with mtime 1733281092.0
File C:\Users\LENOVO\Desktop\Guawolin\venv\Lib\site-packages\django\contrib\staticfiles\management\commands\__init__.py first seen with mtime 1760156913.502669
File C:\Program Files\Python313\Lib\json\__init__.py first seen with mtime 1733281048.0
File C:\Users\LENOVO\Desktop\Guawolin\venv\Lib\site-packages\django\core\mail\utils.py first seen with mtime 1760156913.5545306
File C:\Users\LENOVO\Desktop\Guawolin\venv\Lib\site-packages\django\core\handlers\wsgi.py first seen with mtime 1760156913.5515375
File C:\Program Files\Python313\Lib\secrets.py first seen with mtime 1733281048.0
File C:\Users\LENOVO\Desktop\Guawolin\venv\Lib\site-packages\django\db\models\signals.py first seen with mtime 1760156913.677202
File C:\Program Files\Python313\Lib\datetime.py first seen with mtime 1733281048.0
File C:\Users\LENOVO\Desktop\Guawolin\venv\Lib\site-packages\django\db\models\fields\related_lookups.py first seen with mtime 1760156913.686177
File C:\Users\LENOVO\Desktop\Guawolin\venv\Lib\site-packages\django\db\models\__init__.py first seen with mtime 1760156913.6642363
File C:\Program Files\Python313\Lib\hmac.py first seen with mtime 1733281048.0
File C:\Program Files\Python313\Lib\email\feedparser.py first seen with mtime 1733281048.0
File C:\Program Files\Python313\Lib\email\mime\base.py first seen with mtime 1733281048.0
File C:\Users\LENOVO\Desktop\Guawolin\venv\Lib\site-packages\qrcode\util.py first seen with mtime 1764562470.692075
File C:\Program Files\Python313\Lib\zoneinfo\_common.py first seen with mtime 1733281050.0
File C:\Users\LENOVO\Desktop\Guawolin\venv\Lib\site-packages\dotenv\parser.py first seen with mtime 1760334547.9412289
File C:\Users\LENOVO\Desktop\Guawolin\venv\Lib\site-packages\django\utils\encoding.py first seen with mtime 1760156913.8307908
File C:\Program Files\Python313\Lib\asyncio\threads.py first seen with mtime 1733281048.0
File C:\Program Files\Python313\Lib\multiprocessing\reduction.py first seen with mtime 1733281048.0
File C:\Users\LENOVO\Desktop\Guawolin\venv\Lib\site-packages\django\views\__init__.py first seen with mtime 1760156913.8547275
File C:\Program Files\Python313\Lib\re\_casefix.py first seen with mtime 1733281048.0
File C:\Users\LENOVO\Desktop\Guawolin\venv\Lib\site-packages\django\core\mail\__init__.py first seen with mtime 1760156913.5535333
File C:\Users\LENOVO\Desktop\Guawolin\venv\Lib\site-packages\django\contrib\staticfiles\apps.py first seen with mtime 1760156913.49469
File C:\Users\LENOVO\Desktop\Guawolin\venv\Lib\site-packages\django\core\files\storage\__init__.py first seen with mtime 1760156913.544557
File C:\Users\LENOVO\Desktop\Guawolin\venv\Lib\site-packages\django\utils\crypto.py first seen with mtime 1760156913.8238099
File C:\Program Files\Python313\Lib\asyncio\streams.py first seen with mtime 1733281048.0
File C:\Program Files\Python313\Lib\asyncio\transports.py first seen with mtime 1733281048.0
File C:\Users\LENOVO\Desktop\Guawolin\venv\Lib\site-packages\colorama\ansi.py first seen with mtime 1760334223.7356143
File C:\Users\LENOVO\Desktop\Guawolin\venv\Lib\site-packages\django\contrib\admin\actions.py first seen with mtime 1760156910.354086
File C:\Users\LENOVO\Desktop\Guawolin\venv\Lib\site-packages\django\contrib\admin\templatetags\__init__.py first seen with mtime 1760156910.9056115
File C:\Users\LENOVO\Desktop\Guawolin\venv\Lib\site-packages\django\core\checks\urls.py first seen with mtime 1760156913.5315912
File C:\Users\LENOVO\Desktop\Guawolin\venv\Lib\site-packages\django\utils\hashable.py first seen with mtime 1760156913.833783
File C:\Users\LENOVO\Desktop\Guawolin\venv\Lib\site-packages\django\db\backends\base\operations.py first seen with mtime 1760156913.6113791
File C:\Users\LENOVO\Desktop\Guawolin\venv\Lib\site-packages\colorama\__init__.py first seen with mtime 1760334223.7356143
File C:\Users\LENOVO\Desktop\Guawolin\venv\Lib\site-packages\django\forms\renderers.py first seen with mtime 1760156913.709117
File C:\Users\LENOVO\Desktop\Guawolin\venv\Lib\site-packages\django\utils\timesince.py first seen with mtime 1760156913.846749
File C:\Program Files\Python313\DLLs\select.pyd first seen with mtime 1733281092.0
File C:\Users\LENOVO\Desktop\Guawolin\venv\Lib\site-packages\qrcode\constants.py first seen with mtime 1764562470.670502
File C:\Program Files\Python313\Lib\pprint.py first seen with mtime 1733281048.0
File C:\Users\LENOVO\Desktop\Guawolin\venv\Lib\site-packages\django\core\files\storage\handler.py first seen with mtime 1760156913.5465524
File C:\Users\LENOVO\Desktop\Guawolin\venv\Lib\site-packages\django\db\backends\base\__init__.py first seen with mtime 1760156913.6053948
File C:\Users\LENOVO\Desktop\Guawolin\venv\Lib\site-packages\django\db\backends\base\schema.py first seen with mtime 1760156913.612376
File C:\Users\LENOVO\Desktop\Guawolin\venv\Lib\site-packages\django\utils\translation\reloader.py first seen with mtime 1760156913.8517354
File C:\Users\LENOVO\Desktop\Guawolin\venv\Lib\site-packages\dotenv\__init__.py first seen with mtime 1760334547.9412289
File C:\Program Files\Python313\Lib\re\_compiler.py first seen with mtime 1733281048.0
File C:\Program Files\Python313\Lib\opcode.py first seen with mtime 1733281048.0
File C:\Users\LENOVO\Desktop\Guawolin\venv\Lib\site-packages\django\http\__init__.py first seen with mtime 1760156913.771948
File C:\Users\LENOVO\Desktop\Guawolin\venv\Lib\site-packages\django\utils\connection.py first seen with mtime 1760156913.8238099
File C:\Program Files\Python313\Lib\email\message.py first seen with mtime 1733281048.0
File C:\Users\LENOVO\Desktop\Guawolin\venv\Lib\site-packages\sqlparse\engine\grouping.py first seen with mtime 1760156909.134348
File C:\Users\LENOVO\Desktop\Guawolin\venv\Lib\site-packages\django\forms\utils.py first seen with mtime 1760156913.7101138
File C:\Program Files\Python313\Lib\asyncio\locks.py first seen with mtime 1733281048.0
File C:\Users\LENOVO\Desktop\Guawolin\venv\Lib\site-packages\django\contrib\contenttypes\checks.py first seen with mtime 1760156911.3544118
File C:\Program Files\Python313\DLLs\_ctypes.pyd first seen with mtime 1733281092.0
File C:\Users\LENOVO\Desktop\Guawolin\venv\Lib\site-packages\stripe\_app_info.py first seen with mtime 1765331948.3944802
File C:\Users\LENOVO\Desktop\Guawolin\guawolin\settings.py first seen with mtime 1765586556.2238753
File C:\Users\LENOVO\Desktop\Guawolin\venv\Lib\site-packages\django\db\models\functions\math.py first seen with mtime 1760156913.6931598
File C:\Users\LENOVO\Desktop\Guawolin\venv\Lib\site-packages\django\core\handlers\base.py first seen with mtime 1760156913.5505404
File C:\Program Files\Python313\Lib\difflib.py first seen with mtime 1733281048.0
File C:\Users\LENOVO\Desktop\Guawolin\guawolin\__init__.py first seen with mtime 1759885996.9575112
File C:\Users\LENOVO\Desktop\Guawolin\venv\Lib\site-packages\django\contrib\admin\utils.py first seen with mtime 1760156910.3640604
File C:\Users\LENOVO\Desktop\Guawolin\venv\Lib\site-packages\django\middleware\security.py first seen with mtime 1760156913.7809253
File C:\Users\LENOVO\Desktop\Guawolin\venv\Lib\site-packages\sqlparse\cli.py first seen with mtime 1760156909.121382
File C:\Program Files\Python313\Lib\email\base64mime.py first seen with mtime 1733281048.0
File C:\Users\LENOVO\Desktop\Guawolin\venv\Lib\site-packages\django\templatetags\__init__.py first seen with mtime 1760156913.8008716
File C:\Program Files\Python313\Lib\asyncio\exceptions.py first seen with mtime 1733281048.0
File C:\Program Files\Python313\Lib\asyncio\taskgroups.py first seen with mtime 1733281048.0
File C:\Users\LENOVO\Desktop\Guawolin\venv\Lib\site-packages\qrcode\image\__init__.py first seen with mtime 1764562470.671502
File C:\Program Files\Python313\Lib\email\headerregistry.py first seen with mtime 1733281048.0
File C:\Users\LENOVO\Desktop\Guawolin\venv\Lib\site-packages\django\views\generic\base.py first seen with mtime 1760156913.866695
File C:\Program Files\Python313\Lib\logging\config.py first seen with mtime 1733281048.0
File C:\Users\LENOVO\Desktop\Guawolin\venv\Lib\site-packages\django\contrib\admin\widgets.py first seen with mtime 1760156910.3640604
File C:\Program Files\Python313\Lib\smtplib.py first seen with mtime 1733281048.0
File C:\Users\LENOVO\Desktop\Guawolin\venv\Lib\site-packages\django\db\models\sql\datastructures.py first seen with mtime 1760156913.698146
File C:\Program Files\Python313\Lib\socketserver.py first seen with mtime 1733281048.0
File C:\Users\LENOVO\Desktop\Guawolin\venv\Lib\site-packages\django\utils\deconstruct.py first seen with mtime 1760156913.8277988
File C:\Users\LENOVO\Desktop\Guawolin\venv\Lib\site-packages\stripe\__init__.py first seen with mtime 1765331948.3814783
File C:\Users\LENOVO\Desktop\Guawolin\venv\Lib\site-packages\django\contrib\admin\options.py first seen with mtime 1760156910.3610682
File C:\Users\LENOVO\Desktop\Guawolin\venv\Lib\site-packages\stripe\_stripe_response.py first seen with mtime 1765331948.519482
File C:\Users\LENOVO\Desktop\Guawolin\venv\Lib\site-packages\django\core\files\storage\mixins.py first seen with mtime 1760156913.5485456
File C:\Users\LENOVO\Desktop\Guawolin\venv\Lib\site-packages\django\contrib\admin\views\autocomplete.py first seen with mtime 1760156910.910599
File C:\Users\LENOVO\Desktop\Guawolin\venv\Lib\site-packages\django\utils\inspect.py first seen with mtime 1760156913.8367758
File C:\Users\LENOVO\Desktop\Guawolin\venv\Lib\site-packages\colorama\winterm.py first seen with mtime 1760334223.7356143
File C:\Program Files\Python313\Lib\email\parser.py first seen with mtime 1733281048.0
File C:\Users\LENOVO\Desktop\Guawolin\venv\Lib\site-packages\django\contrib\staticfiles\views.py first seen with mtime 1760156913.5006733
File C:\Program Files\Python313\Lib\asyncio\subprocess.py first seen with mtime 1733281048.0
File C:\Program Files\Python313\Lib\email\_header_value_parser.py first seen with mtime 1733281048.0
File C:\Users\LENOVO\Desktop\Guawolin\venv\Lib\site-packages\django\contrib\contenttypes\models.py first seen with mtime 1760156911.356417
File C:\Users\LENOVO\Desktop\Guawolin\venv\Lib\site-packages\django\conf\locale\__init__.py first seen with mtime 1760156909.9880643
File C:\Users\LENOVO\Desktop\Guawolin\venv\Lib\site-packages\stripe\_request_metrics.py first seen with mtime 1765331948.5024824
File C:\Users\LENOVO\Desktop\Guawolin\venv\Lib\site-packages\django\core\files\storage\memory.py first seen with mtime 1760156913.5475483
File C:\Users\LENOVO\Desktop\Guawolin\venv\Lib\site-packages\django\contrib\auth\password_validation.py first seen with mtime 1760156911.131009
File C:\Users\LENOVO\Desktop\Guawolin\venv\Lib\site-packages\django\core\checks\async_checks.py first seen with mtime 1760156913.5246096
File C:\Users\LENOVO\Desktop\Guawolin\venv\Lib\site-packages\django\contrib\staticfiles\management\__init__.py first seen with mtime 1760156913.5016708
File C:\Users\LENOVO\Desktop\Guawolin\venv\Lib\site-packages\django\db\backends\sqlite3\operations.py first seen with mtime 1760156913.6462855
File C:\Users\LENOVO\Desktop\Guawolin\venv\Lib\site-packages\django\contrib\staticfiles\__init__.py first seen with mtime 1760156913.4936924
File C:\Users\LENOVO\Desktop\Guawolin\venv\Lib\site-packages\django\dispatch\__init__.py first seen with mtime 1760156913.702135
File C:\Users\LENOVO\Desktop\Guawolin\venv\Lib\site-packages\colorama\win32.py first seen with mtime 1760334223.7356143
File C:\Users\LENOVO\Desktop\Guawolin\venv\Lib\site-packages\django\views\decorators\cache.py first seen with mtime 1760156913.8597133
File C:\Program Files\Python313\Lib\_compression.py first seen with mtime 1733281048.0
File C:\Users\LENOVO\Desktop\Guawolin\venv\Lib\site-packages\django\contrib\auth\tokens.py first seen with mtime 1760156911.132006
File C:\Users\LENOVO\Desktop\Guawolin\venv\Lib\site-packages\stripe\_request_options.py first seen with mtime 1765331948.5034845
File C:\Users\LENOVO\Desktop\Guawolin\venv\Lib\site-packages\django\core\serializers\base.py first seen with mtime 1760156913.591431
File C:\Program Files\Python313\Lib\fnmatch.py first seen with mtime 1733281048.0
File C:\Program Files\Python313\Lib\traceback.py first seen with mtime 1733281050.0
File C:\Program Files\Python313\Lib\email\charset.py first seen with mtime 1733281048.0
File C:\Users\LENOVO\Desktop\Guawolin\venv\Lib\site-packages\django\contrib\messages\api.py first seen with mtime 1760156912.4065983
File C:\Users\LENOVO\Desktop\Guawolin\venv\Lib\site-packages\django\views\decorators\http.py first seen with mtime 1760156913.8646998
File C:\Program Files\Python313\Lib\email\errors.py first seen with mtime 1733281048.0
File C:\Program Files\Python313\Lib\asyncio\constants.py first seen with mtime 1733281048.0
File C:\Users\LENOVO\Desktop\Guawolin\venv\Lib\site-packages\django\db\migrations\operations\__init__.py first seen with mtime 1760156913.6602483
File C:\Users\LENOVO\Desktop\Guawolin\venv\Lib\site-packages\django\db\models\query_utils.py first seen with mtime 1760156913.6762042
File C:\Users\LENOVO\Desktop\Guawolin\venv\Lib\site-packages\django\http\response.py first seen with mtime 1760156913.7749405
File C:\Users\LENOVO\Desktop\Guawolin\venv\Lib\site-packages\django\db\utils.py first seen with mtime 1760156913.6004071
File C:\Program Files\Python313\Lib\urllib\response.py first seen with mtime 1733281050.0
File C:\Users\LENOVO\Desktop\Guawolin\venv\Lib\site-packages\qrcode\LUT.py first seen with mtime 1764562470.664503
File C:\Program Files\Python313\Lib\asyncio\windows_utils.py first seen with mtime 1733281048.0
File C:\Program Files\Python313\DLLs\_overlapped.pyd first seen with mtime 1733281092.0
File C:\Program Files\Python313\Lib\asyncio\staggered.py first seen with mtime 1733281048.0
File C:\Users\LENOVO\Desktop\Guawolin\venv\Lib\site-packages\django\contrib\contenttypes\views.py first seen with mtime 1760156911.358401
File C:\Users\LENOVO\Desktop\Guawolin\venv\Lib\site-packages\django\middleware\csrf.py first seen with mtime 1760156913.7789307
File C:\Program Files\Python313\Lib\sysconfig\__init__.py first seen with mtime 1733281048.0
File C:\Users\LENOVO\Desktop\Guawolin\venv\Lib\site-packages\django\views\decorators\__init__.py first seen with mtime 1760156913.858717
File C:\Users\LENOVO\Desktop\Guawolin\venv\Lib\site-packages\django\core\checks\security\base.py first seen with mtime 1760156913.534583
File C:\Program Files\Python313\Lib\concurrent\futures\__init__.py first seen with mtime 1733281048.0
File C:\Users\LENOVO\Desktop\Guawolin\venv\Lib\site-packages\django\utils\module_loading.py first seen with mtime 1760156913.8417628
File C:\Users\LENOVO\Desktop\Guawolin\venv\Lib\site-packages\stripe\_version.py first seen with mtime 1765331948.5404787
File C:\Users\LENOVO\Desktop\Guawolin\venv\Lib\site-packages\django\utils\numberformat.py first seen with mtime 1760156913.84276
File C:\Program Files\Python313\Lib\sqlite3\__init__.py first seen with mtime 1733281048.0
File C:\Users\LENOVO\Desktop\Guawolin\venv\Lib\site-packages\django\contrib\auth\admin.py first seen with mtime 1760156911.1200383
File C:\Users\LENOVO\Desktop\Guawolin\venv\Lib\site-packages\django\db\models\sql\__init__.py first seen with mtime 1760156913.6961515
File C:\Users\LENOVO\Desktop\Guawolin\venv\Lib\site-packages\django\urls\base.py first seen with mtime 1760156913.8138373
File C:\Users\LENOVO\Desktop\Guawolin\venv\Lib\site-packages\django\urls\conf.py first seen with mtime 1760156913.8148346
File C:\Users\LENOVO\Desktop\Guawolin\venv\Lib\site-packages\django\core\checks\security\__init__.py first seen with mtime 1760156913.5335858
File C:\Program Files\Python313\Lib\functools.py first seen with mtime 1733281048.0
File C:\Users\LENOVO\Desktop\Guawolin\venv\Lib\site-packages\django\utils\regex_helper.py first seen with mtime 1760156913.84276
File C:\Users\LENOVO\Desktop\Guawolin\venv\Lib\site-packages\django\views\decorators\common.py first seen with mtime 1760156913.8617096
File C:\Users\LENOVO\Desktop\Guawolin\venv\Lib\site-packages\django\core\files\uploadhandler.py first seen with mtime 1760156913.542563
File C:\Users\LENOVO\Desktop\Guawolin\venv\Lib\site-packages\sqlparse\filters\tokens.py first seen with mtime 1760156909.1433232
File C:\Users\LENOVO\Desktop\Guawolin\venv\Lib\site-packages\PIL\ImageMode.py first seen with mtime 1760491199.5830462
File C:\Users\LENOVO\Desktop\Guawolin\venv\Lib\site-packages\django\core\checks\files.py first seen with mtime 1760156913.5276015
File C:\Program Files\Python313\Lib\asyncio\format_helpers.py first seen with mtime 1733281048.0
File C:\Users\LENOVO\Desktop\Guawolin\venv\Lib\site-packages\django\db\models\functions\json.py first seen with mtime 1760156913.6911645
File C:\Program Files\Python313\Lib\urllib\parse.py first seen with mtime 1733281050.0
File C:\Users\LENOVO\Desktop\Guawolin\venv\Lib\site-packages\django\db\backends\sqlite3\introspection.py first seen with mtime 1760156913.6452873
File C:\Users\LENOVO\Desktop\Guawolin\tickets\models.py first seen with mtime 1765583592.7862737
File C:\Program Files\Python313\Lib\wsgiref\simple_server.py first seen with mtime 1733281050.0
File C:\Users\LENOVO\Desktop\Guawolin\venv\Lib\site-packages\django\forms\__init__.py first seen with mtime 1760156913.705127
File C:\Program Files\Python313\Lib\string.py first seen with mtime 1733281048.0
File C:\Program Files\Python313\Lib\email\mime\text.py first seen with mtime 1733281048.0
File C:\Program Files\Python313\Lib\decimal.py first seen with mtime 1733281048.0
File C:\Program Files\Python313\Lib\http\__init__.py first seen with mtime 1733281048.0
File C:\Users\LENOVO\Desktop\Guawolin\tickets\decoradores.py first seen with mtime 1765440912.7169108
File C:\Users\LENOVO\Desktop\Guawolin\venv\Lib\site-packages\django\views\decorators\csrf.py first seen with mtime 1760156913.8617096
File C:\Program Files\Python313\Lib\gettext.py first seen with mtime 1733281048.0
File C:\Users\LENOVO\Desktop\Guawolin\venv\Lib\site-packages\django\utils\safestring.py first seen with mtime 1760156913.8437572
File C:\Users\LENOVO\Desktop\Guawolin\venv\Lib\site-packages\django\template\response.py first seen with mtime 1760156913.7899008
File C:\Users\LENOVO\Desktop\Guawolin\venv\Lib\site-packages\django\contrib\contenttypes\apps.py first seen with mtime 1760156911.3534145
File C:\Users\LENOVO\Desktop\Guawolin\venv\Lib\site-packages\django\db\models\indexes.py first seen with mtime 1760156913.672216
File C:\Program Files\Python313\Lib\zoneinfo\_tzpath.py first seen with mtime 1733281050.0
File C:\Users\LENOVO\Desktop\Guawolin\venv\Lib\site-packages\django\core\checks\security\sessions.py first seen with mtime 1760156913.5355806
File C:\Users\LENOVO\Desktop\Guawolin\venv\Lib\site-packages\django\contrib\admin\templatetags\admin_urls.py first seen with mtime 1760156910.9076061
File C:\Users\LENOVO\Desktop\Guawolin\tickets\views.py first seen with mtime 1765586468.0033195
File C:\Users\LENOVO\Desktop\Guawolin\venv\Lib\site-packages\django\core\checks\caches.py first seen with mtime 1760156913.525607
File C:\Users\LENOVO\Desktop\Guawolin\venv\Lib\site-packages\django\core\management\commands\runserver.py first seen with mtime 1760156913.5804608
File C:\Users\LENOVO\Desktop\Guawolin\venv\Lib\site-packages\django\template\loaders\__init__.py first seen with mtime 1760156913.7958846
File C:\Users\LENOVO\Desktop\Guawolin\venv\Lib\site-packages\django\apps\__init__.py first seen with mtime 1760156909.9780934
File C:\Users\LENOVO\Desktop\Guawolin\venv\Lib\site-packages\django\contrib\admin\templatetags\admin_list.py first seen with mtime 1760156910.906609
File C:\Users\LENOVO\Desktop\Guawolin\venv\Lib\site-packages\dotenv\variables.py first seen with mtime 1760334547.9412289
File C:\Users\LENOVO\Desktop\Guawolin\venv\Lib\site-packages\asgiref\current_thread_executor.py first seen with mtime 1760156909.6629348
File C:\Program Files\Python313\Lib\email\header.py first seen with mtime 1733281048.0
File C:\Users\LENOVO\Desktop\Guawolin\venv\Lib\site-packages\django\db\backends\sqlite3\schema.py first seen with mtime 1760156913.647282
File C:\Program Files\Python313\Lib\calendar.py first seen with mtime 1733281048.0
File C:\Program Files\Python313\Lib\pathlib\_local.py first seen with mtime 1733281048.0
File C:\Users\LENOVO\Desktop\Guawolin\venv\Lib\site-packages\django\db\models\sql\constants.py first seen with mtime 1760156913.698146
File C:\Program Files\Python313\Lib\concurrent\futures\thread.py first seen with mtime 1733281048.0
File C:\Users\LENOVO\Desktop\Guawolin\venv\Lib\site-packages\django\core\checks\translation.py first seen with mtime 1760156913.5305946
File C:\Users\LENOVO\Desktop\Guawolin\venv\Lib\site-packages\django\utils\dates.py first seen with mtime 1760156913.8268156
File C:\Users\LENOVO\Desktop\Guawolin\venv\Lib\site-packages\django\contrib\admin\templatetags\admin_modify.py first seen with mtime 1760156910.9076061
File C:\Users\LENOVO\Desktop\Guawolin\venv\Lib\site-packages\django\utils\termcolors.py first seen with mtime 1760156913.8447547
File C:\Users\LENOVO\Desktop\Guawolin\venv\Lib\site-packages\django\core\files\utils.py first seen with mtime 1760156913.54356
File C:\Program Files\Python313\Lib\keyword.py first seen with mtime 1733281048.0
File C:\Users\LENOVO\Desktop\Guawolin\venv\Lib\site-packages\qrcode\compat\png.py first seen with mtime 1764562470.668502
File C:\Users\LENOVO\Desktop\Guawolin\venv\Lib\site-packages\sqlparse\filters\reindent.py first seen with mtime 1760156909.1413298
File C:\Program Files\Python313\Lib\queue.py first seen with mtime 1733281048.0
File C:\Users\LENOVO\Desktop\Guawolin\venv\Lib\site-packages\django\urls\resolvers.py first seen with mtime 1760156913.8168292
File C:\Program Files\Python313\DLLs\_lzma.pyd first seen with mtime 1733281092.0
File C:\Program Files\Python313\Lib\asyncio\selector_events.py first seen with mtime 1733281048.0
File C:\Users\LENOVO\Desktop\Guawolin\venv\Lib\site-packages\django\templatetags\static.py first seen with mtime 1760156913.8038628
File C:\Program Files\Python313\Lib\asyncio\tasks.py first seen with mtime 1733281048.0
File C:\Users\LENOVO\Desktop\Guawolin\venv\Lib\site-packages\asgiref\__init__.py first seen with mtime 1760156909.6619363
File C:\Users\LENOVO\Desktop\Guawolin\venv\Lib\site-packages\stripe\_http_client.py first seen with mtime 1765331948.4544957
File C:\Users\LENOVO\Desktop\Guawolin\venv\Lib\site-packages\django\contrib\sessions\__init__.py first seen with mtime 1760156912.9621148
File C:\Users\LENOVO\Desktop\Guawolin\venv\Lib\site-packages\PIL\_util.py first seen with mtime 1760491199.876799
File C:\Users\LENOVO\Desktop\Guawolin\venv\Lib\site-packages\django\contrib\admin\checks.py first seen with mtime 1760156910.355084
File C:\Program Files\Python313\Lib\contextlib.py first seen with mtime 1733281048.0
File C:\Users\LENOVO\Desktop\Guawolin\venv\Lib\site-packages\django\core\serializers\python.py first seen with mtime 1760156913.593426
File C:\Users\LENOVO\Desktop\Guawolin\venv\Lib\site-packages\django\db\backends\base\base.py first seen with mtime 1760156913.606392
File C:\Users\LENOVO\Desktop\Guawolin\venv\Lib\site-packages\django\forms\boundfield.py first seen with mtime 1760156913.705127
File C:\Users\LENOVO\Desktop\Guawolin\venv\Lib\site-packages\django\middleware\http.py first seen with mtime 1760156913.7799282
File C:\Users\LENOVO\Desktop\Guawolin\venv\Lib\site-packages\django\contrib\admin\views\__init__.py first seen with mtime 1760156910.909603
File C:\Users\LENOVO\Desktop\Guawolin\venv\Lib\site-packages\django\contrib\auth\apps.py first seen with mtime 1760156911.1210368
File C:\Program Files\Python313\DLLs\unicodedata.pyd first seen with mtime 1733281092.0
File C:\Program Files\Python313\Lib\_compat_pickle.py first seen with mtime 1733281048.0
File C:\Users\LENOVO\Desktop\Guawolin\venv\Lib\site-packages\django\templatetags\tz.py first seen with mtime 1760156913.80486
File C:\Users\LENOVO\Desktop\Guawolin\venv\Lib\site-packages\django\core\__init__.py first seen with mtime 1760156913.5076554
File C:\Program Files\Python313\Lib\quopri.py first seen with mtime 1733281048.0
File C:\Users\LENOVO\Desktop\Guawolin\venv\Lib\site-packages\django\contrib\contenttypes\fields.py first seen with mtime 1760156911.3554096
File C:\Program Files\Python313\Lib\glob.py first seen with mtime 1733281048.0
File C:\Users\LENOVO\Desktop\Guawolin\venv\Lib\site-packages\sqlparse\filters\output.py first seen with mtime 1760156909.1403396
File C:\Users\LENOVO\Desktop\Guawolin\venv\Lib\site-packages\PIL\__init__.py first seen with mtime 1760491199.657103
File C:\Program Files\Python313\Lib\asyncio\proactor_events.py first seen with mtime 1733281048.0
File C:\Program Files\Python313\Lib\dis.py first seen with mtime 1733281048.0
File C:\Users\LENOVO\Desktop\Guawolin\venv\Lib\site-packages\django\urls\exceptions.py first seen with mtime 1760156913.8158314
File C:\Users\LENOVO\Desktop\Guawolin\venv\Lib\site-packages\django\db\__init__.py first seen with mtime 1760156913.5994098
File C:\Users\LENOVO\Desktop\Guawolin\venv\Lib\site-packages\django\views\i18n.py first seen with mtime 1760156913.8577282
File C:\Program Files\Python313\Lib\ctypes\_endian.py first seen with mtime 1733281048.0
File C:\Users\LENOVO\Desktop\Guawolin\venv\Lib\site-packages\django\core\cache\backends\__init__.py first seen with mtime 1760156913.515634
File C:\Program Files\Python313\Lib\sqlite3\dbapi2.py first seen with mtime 1733281048.0
File C:\Users\LENOVO\Desktop\Guawolin\venv\Lib\site-packages\django\template\loader.py first seen with mtime 1760156913.7889032
File C:\Users\LENOVO\Desktop\Guawolin\venv\Lib\site-packages\django\__init__.py first seen with mtime 1760156909.9751005
File C:\Users\LENOVO\Desktop\Guawolin\venv\Lib\site-packages\django\utils\dateformat.py first seen with mtime 1760156913.8258042
File C:\Users\LENOVO\Desktop\Guawolin\venv\Lib\site-packages\django\contrib\staticfiles\management\commands\runserver.py first seen with mtime 1760156913.5046625
File C:\Program Files\Python313\Lib\asyncio\events.py first seen with mtime 1733281048.0
File C:\Users\LENOVO\Desktop\Guawolin\venv\Lib\site-packages\PIL\_binary.py first seen with mtime 1760491199.779375
File C:\Users\LENOVO\Desktop\Guawolin\venv\Lib\site-packages\django\template\context.py first seen with mtime 1760156913.7839172
File C:\Program Files\Python313\Lib\subprocess.py first seen with mtime 1733281048.0
File C:\Users\LENOVO\Desktop\Guawolin\venv\Lib\site-packages\django\utils\functional.py first seen with mtime 1760156913.832786
File C:\Users\LENOVO\Desktop\Guawolin\venv\Lib\site-packages\sqlparse\keywords.py first seen with mtime 1760156909.125372
File C:\Users\LENOVO\Desktop\Guawolin\venv\Lib\site-packages\django\template\loaders\cached.py first seen with mtime 1760156913.7978797
File C:\Users\LENOVO\Desktop\Guawolin\venv\Lib\site-packages\django\template\base.py first seen with mtime 1760156913.7829194
File C:\Users\LENOVO\Desktop\Guawolin\venv\Lib\site-packages\django\db\migrations\operations\models.py first seen with mtime 1760156913.6622415
File C:\Users\LENOVO\Desktop\Guawolin\venv\Lib\site-packages\django\core\checks\registry.py first seen with mtime 1760156913.5295959
File C:\Users\LENOVO\Desktop\Guawolin\venv\Lib\site-packages\django\template\loaders\base.py first seen with mtime 1760156913.7968829
File C:\Users\LENOVO\Desktop\Guawolin\venv\Lib\site-packages\django\core\management\base.py first seen with mtime 1760156913.563506
File C:\Users\LENOVO\Desktop\Guawolin\venv\Lib\site-packages\django\core\checks\commands.py first seen with mtime 1760156913.525607
File C:\Users\LENOVO\Desktop\Guawolin\venv\Lib\site-packages\django\core\signals.py first seen with mtime 1760156913.511644
File C:\Users\LENOVO\Desktop\Guawolin\venv\Lib\site-packages\stripe\_error_object.py first seen with mtime 1765331948.4434803
File C:\Users\LENOVO\Desktop\Guawolin\venv\Lib\site-packages\django\db\models\sql\query.py first seen with mtime 1760156913.7001407
File C:\Users\LENOVO\Desktop\Guawolin\venv\Lib\site-packages\django\urls\utils.py first seen with mtime 1760156913.8178258
File C:\Users\LENOVO\Desktop\Guawolin\venv\Lib\site-packages\django\utils\asyncio.py first seen with mtime 1760156913.819822
File C:\Users\LENOVO\Desktop\Guawolin\venv\Lib\site-packages\django\forms\models.py first seen with mtime 1760156913.709117
File C:\Users\LENOVO\Desktop\Guawolin\venv\Lib\site-packages\django\db\models\sql\where.py first seen with mtime 1760156913.701138
File C:\Users\LENOVO\Desktop\Guawolin\venv\Lib\site-packages\stripe\_encode.py first seen with mtime 1765331948.4394796
File C:\Users\LENOVO\Desktop\Guawolin\venv\Lib\site-packages\django\contrib\messages\__init__.py first seen with mtime 1760156912.4065983
File C:\Program Files\Python313\Lib\asyncio\runners.py first seen with mtime 1733281048.0
File C:\Users\LENOVO\Desktop\Guawolin\venv\Lib\site-packages\django\core\files\move.py first seen with mtime 1760156913.5405667
File C:\Users\LENOVO\Desktop\Guawolin\venv\Lib\site-packages\django\db\backends\sqlite3\__init__.py first seen with mtime 1760156913.6403008
File C:\Users\LENOVO\Desktop\Guawolin\venv\Lib\site-packages\django\utils\autoreload.py first seen with mtime 1760156913.8208177
File C:\Users\LENOVO\Desktop\Guawolin\venv\Lib\site-packages\PIL\ImageDraw.py first seen with mtime 1760491199.5687554
File C:\Users\LENOVO\Desktop\Guawolin\venv\Lib\site-packages\django\http\multipartparser.py first seen with mtime 1760156913.7729454
File C:\Users\LENOVO\Desktop\Guawolin\venv\Lib\site-packages\asgiref\local.py first seen with mtime 1760156909.663932
File C:\Users\LENOVO\Desktop\Guawolin\venv\Lib\site-packages\django\core\checks\model_checks.py first seen with mtime 1760156913.5285995
File C:\Users\LENOVO\Desktop\Guawolin\venv\Lib\site-packages\django\core\handlers\__init__.py first seen with mtime 1760156913.5485456
File C:\Users\LENOVO\Desktop\Guawolin\venv\Lib\site-packages\django\contrib\staticfiles\finders.py first seen with mtime 1760156913.495687
File C:\Program Files\Python313\Lib\multiprocessing\process.py first seen with mtime 1733281048.0
File C:\Users\LENOVO\Desktop\Guawolin\venv\Lib\site-packages\django\templatetags\l10n.py first seen with mtime 1760156913.8038628
File C:\Program Files\Python313\Lib\html\entities.py first seen with mtime 1733281048.0
File C:\Users\LENOVO\Desktop\Guawolin\venv\Lib\site-packages\django\db\models\constraints.py first seen with mtime 1760156913.668226
File C:\Users\LENOVO\Desktop\Guawolin\venv\Lib\site-packages\sqlparse\filters\right_margin.py first seen with mtime 1760156909.1423268
File C:\Program Files\Python313\Lib\__future__.py first seen with mtime 1733281048.0
File C:\Users\LENOVO\Desktop\Guawolin\venv\Lib\site-packages\django\template\__init__.py first seen with mtime 1760156913.781922
File C:\Users\LENOVO\Desktop\Guawolin\venv\Lib\site-packages\django\db\models\utils.py first seen with mtime 1760156913.677202
File C:\Program Files\Python313\Lib\email\generator.py first seen with mtime 1733281048.0
File C:\Users\LENOVO\Desktop\Guawolin\venv\Lib\site-packages\django\core\servers\basehttp.py first seen with mtime 1760156913.5974152
File C:\Users\LENOVO\Desktop\Guawolin\venv\Lib\site-packages\django\contrib\admin\decorators.py first seen with mtime 1760156910.3560815
File C:\Users\LENOVO\Desktop\Guawolin\venv\Lib\site-packages\django\contrib\sites\requests.py first seen with mtime 1760156913.2593205
File C:\Program Files\Python313\Lib\logging\__init__.py first seen with mtime 1733281048.0
File C:\Program Files\Python313\Lib\base64.py first seen with mtime 1733281048.0
File C:\Users\LENOVO\Desktop\Guawolin\venv\Lib\site-packages\django\db\models\fields\related_descriptors.py first seen with mtime 1760156913.6851802
File C:\Users\LENOVO\Desktop\Guawolin\venv\Lib\site-packages\django\core\wsgi.py first seen with mtime 1760156913.513639
File C:\Users\LENOVO\Desktop\Guawolin\venv\Lib\site-packages\django\contrib\staticfiles\checks.py first seen with mtime 1760156913.49469
File C:\Users\LENOVO\Desktop\Guawolin\venv\Lib\site-packages\django\db\transaction.py first seen with mtime 1760156913.5994098
File C:\Program Files\Python313\Lib\email\quoprimime.py first seen with mtime 1733281048.0
File C:\Users\LENOVO\Desktop\Guawolin\venv\Lib\site-packages\django\contrib\auth\models.py first seen with mtime 1760156911.131009
File C:\Users\LENOVO\Desktop\Guawolin\venv\Lib\site-packages\django\core\cache\utils.py first seen with mtime 1760156913.515634
File C:\Users\LENOVO\Desktop\Guawolin\venv\Lib\site-packages\django\utils\html.py first seen with mtime 1760156913.8347807
File C:\Users\LENOVO\Desktop\Guawolin\venv\Lib\site-packages\django\core\cache\backends\base.py first seen with mtime 1760156913.516631
File C:\Program Files\Python313\Lib\bz2.py first seen with mtime 1733281048.0
File C:\Users\LENOVO\Desktop\Guawolin\venv\Lib\site-packages\django\contrib\sessions\models.py first seen with mtime 1760156912.9671133
File C:\Users\LENOVO\Desktop\Guawolin\venv\Lib\site-packages\django\db\models\constants.py first seen with mtime 1760156913.667229
File C:\Users\LENOVO\Desktop\Guawolin\venv\Lib\site-packages\django\utils\version.py first seen with mtime 1760156913.8487444
File C:\Program Files\Python313\Lib\linecache.py first seen with mtime 1733281048.0
File C:\Program Files\Python313\Lib\nturl2path.py first seen with mtime 1733281048.0
File C:\Program Files\Python313\Lib\wsgiref\__init__.py first seen with mtime 1733281050.0
File C:\Users\LENOVO\Desktop\Guawolin\venv\Lib\site-packages\qrcode\image\styles\moduledrawers\__init__.py first seen with mtime 1764562470.6765022
File C:\Program Files\Python313\Lib\uuid.py first seen with mtime 1733281050.0
File C:\Program Files\Python313\Lib\asyncio\log.py first seen with mtime 1733281048.0
File C:\Program Files\Python313\Lib\email\_encoded_words.py first seen with mtime 1733281048.0
File C:\Users\LENOVO\Desktop\Guawolin\venv\Lib\site-packages\PIL\Image.py first seen with mtime 1760491199.5604959
File C:\Users\LENOVO\Desktop\Guawolin\venv\Lib\site-packages\django\db\models\manager.py first seen with mtime 1760156913.6742103
File C:\Program Files\Python313\Lib\copy.py first seen with mtime 1733281048.0
File C:\Users\LENOVO\Desktop\Guawolin\venv\Lib\site-packages\qrcode\__init__.py first seen with mtime 1764562470.6655035
File C:\Program Files\Python313\Lib\textwrap.py first seen with mtime 1733281050.0
File C:\Program Files\Python313\DLLs\_asyncio.pyd first seen with mtime 1733281092.0
File C:\Users\LENOVO\Desktop\Guawolin\venv\Lib\site-packages\django\template\utils.py first seen with mtime 1760156913.7909038
File C:\Program Files\Python313\Lib\inspect.py first seen with mtime 1733281048.0
File C:\Users\LENOVO\Desktop\Guawolin\venv\Lib\site-packages\django\utils\__init__.py first seen with mtime 1760156913.8178258
File C:\Users\LENOVO\Desktop\Guawolin\venv\Lib\site-packages\django\core\files\storage\filesystem.py first seen with mtime 1760156913.5455549
File C:\Users\LENOVO\Desktop\Guawolin\venv\Lib\site-packages\django\db\models\sql\subqueries.py first seen with mtime 1760156913.7001407
File C:\Users\LENOVO\Desktop\Guawolin\venv\Lib\site-packages\django\apps\config.py first seen with mtime 1760156909.9790914
File C:\Users\LENOVO\Desktop\Guawolin\venv\Lib\site-packages\django\db\models\deletion.py first seen with mtime 1760156913.669223
File C:\Program Files\Python313\Lib\re\_parser.py first seen with mtime 1733281048.0
File C:\Program Files\Python313\Lib\ssl.py first seen with mtime 1733281048.0
File C:\Users\LENOVO\Desktop\Guawolin\venv\Lib\site-packages\django\contrib\auth\backends.py first seen with mtime 1760156911.1210368
File C:\Users\LENOVO\Desktop\Guawolin\venv\Lib\site-packages\django\utils\deprecation.py first seen with mtime 1760156913.8297935
File C:\Program Files\Python313\Lib\asyncio\futures.py first seen with mtime 1733281048.0
File C:\Users\LENOVO\Desktop\Guawolin\venv\Lib\site-packages\django\utils\translation\__init__.py first seen with mtime 1760156913.850739
File C:\Program Files\Python313\Lib\copyreg.py first seen with mtime 1733281048.0
File C:\Program Files\Python313\Lib\wsgiref\headers.py first seen with mtime 1733281050.0
File C:\Users\LENOVO\Desktop\Guawolin\venv\Lib\site-packages\django\core\management\__init__.py first seen with mtime 1760156913.5625086
File C:\Users\LENOVO\Desktop\Guawolin\venv\Lib\site-packages\django\template\smartif.py first seen with mtime 1760156913.7909038
File C:\Program Files\Python313\Lib\http\server.py first seen with mtime 1733281048.0
File C:\Users\LENOVO\Desktop\Guawolin\venv\Lib\site-packages\django\contrib\__init__.py first seen with mtime 1760156910.3520916
File C:\Users\LENOVO\Desktop\Guawolin\venv\Lib\site-packages\django\db\backends\utils.py first seen with mtime 1760156913.6043975
File C:\Users\LENOVO\Desktop\Guawolin\venv\Lib\site-packages\django\db\models\aggregates.py first seen with mtime 1760156913.6652334
File C:\Users\LENOVO\Desktop\Guawolin\venv\Lib\site-packages\django\contrib\admin\__init__.py first seen with mtime 1760156910.3530893
File C:\Users\LENOVO\Desktop\Guawolin\venv\Lib\site-packages\django\core\files\storage\base.py first seen with mtime 1760156913.5455549
File C:\Users\LENOVO\Desktop\Guawolin\venv\Lib\site-packages\django\contrib\auth\signals.py first seen with mtime 1760156911.132006
File C:\Users\LENOVO\Desktop\Guawolin\venv\Lib\site-packages\django\db\backends\ddl_references.py first seen with mtime 1760156913.6033995
File C:\Users\LENOVO\Desktop\Guawolin\venv\Lib\site-packages\colorama\initialise.py first seen with mtime 1760334223.7356143
File C:\Users\LENOVO\Desktop\Guawolin\venv\Lib\site-packages\sqlparse\exceptions.py first seen with mtime 1760156909.1233802
File C:\Users\LENOVO\Desktop\Guawolin\venv\Lib\site-packages\django\core\checks\templates.py first seen with mtime 1760156913.5295959
File C:\Users\LENOVO\Desktop\Guawolin\venv\Lib\site-packages\sqlparse\filters\aligned_indent.py first seen with mtime 1760156909.1373398
File C:\Users\LENOVO\Desktop\Guawolin\venv\Lib\site-packages\django\forms\formsets.py first seen with mtime 1760156913.7081187
File C:\Users\LENOVO\Desktop\Guawolin\venv\Lib\site-packages\django\db\backends\base\introspection.py first seen with mtime 1760156913.6103806
File C:\Users\LENOVO\Desktop\Guawolin\venv\Lib\site-packages\colorama\ansitowin32.py first seen with mtime 1760334223.7356143
File C:\Users\LENOVO\Desktop\Guawolin\venv\Lib\site-packages\django\template\loader_tags.py first seen with mtime 1760156913.7889032
File C:\Users\LENOVO\Desktop\Guawolin\venv\Lib\site-packages\qrcode\image\base.py first seen with mtime 1764562470.6725068
File C:\Users\LENOVO\Desktop\Guawolin\venv\Lib\site-packages\django\core\checks\database.py first seen with mtime 1760156913.526619
File C:\Program Files\Python313\Lib\bisect.py first seen with mtime 1733281048.0
File C:\Users\LENOVO\Desktop\Guawolin\venv\Lib\site-packages\PIL\ImageColor.py first seen with mtime 1760491199.5669518
File C:\Users\LENOVO\Desktop\Guawolin\venv\Lib\site-packages\django\template\defaultfilters.py first seen with mtime 1760156913.7859116
File C:\Users\LENOVO\Desktop\Guawolin\venv\Lib\site-packages\sqlparse\filters\__init__.py first seen with mtime 1760156909.1363425
File C:\Program Files\Python313\Lib\_opcode_metadata.py first seen with mtime 1733281048.0
File C:\Users\LENOVO\Desktop\Guawolin\venv\Lib\site-packages\django\db\models\fields\mixins.py first seen with mtime 1760156913.6821887
File C:\Users\LENOVO\Desktop\Guawolin\venv\Lib\site-packages\django\contrib\admin\exceptions.py first seen with mtime 1760156910.3560815
File C:\Users\LENOVO\Desktop\Guawolin\venv\Lib\site-packages\django\conf\global_settings.py first seen with mtime 1760156909.982082
File C:\Users\LENOVO\Desktop\Guawolin\venv\Lib\site-packages\django\core\servers\__init__.py first seen with mtime 1760156913.5964181
File C:\Program Files\Python313\Lib\email\__init__.py first seen with mtime 1733281048.0
File C:\Users\LENOVO\Desktop\Guawolin\venv\Lib\site-packages\django\db\models\fields\composite.py first seen with mtime 1760156913.6791961
File C:\Users\LENOVO\Desktop\Guawolin\venv\Lib\site-packages\django\contrib\auth\validators.py first seen with mtime 1760156911.1330037
File C:\Users\LENOVO\Desktop\Guawolin\venv\Lib\site-packages\django\core\files\__init__.py first seen with mtime 1760156913.5365777
File C:\Users\LENOVO\Desktop\Guawolin\venv\Lib\site-packages\django\db\migrations\state.py first seen with mtime 1760156913.6582532
File C:\Users\LENOVO\Desktop\Guawolin\venv\Lib\site-packages\stripe\_stripe_object.py first seen with mtime 1765331948.5184975
File C:\Users\LENOVO\Desktop\Guawolin\venv\Lib\site-packages\django\db\models\fields\related.py first seen with mtime 1760156913.6841826
File C:\Users\LENOVO\Desktop\Guawolin\venv\Lib\site-packages\django\db\models\fields\json.py first seen with mtime 1760156913.6811907
File C:\Users\LENOVO\Desktop\Guawolin\venv\Lib\site-packages\django\contrib\messages\constants.py first seen with mtime 1760156912.4075963
File C:\Users\LENOVO\Desktop\Guawolin\venv\Lib\site-packages\django\db\models\functions\text.py first seen with mtime 1760156913.6941571
File C:\Users\LENOVO\Desktop\Guawolin\venv\Lib\site-packages\django\core\checks\compatibility\__init__.py first seen with mtime 1760156913.5315912
File C:\Users\LENOVO\Desktop\Guawolin\venv\Lib\site-packages\qrcode\image\styles\__init__.py first seen with mtime 1764562470.6755023
File C:\Program Files\Python313\Lib\ast.py first seen with mtime 1733281048.0
File C:\Program Files\Python313\Lib\asyncio\coroutines.py first seen with mtime 1733281048.0
File C:\Users\LENOVO\Desktop\Guawolin\venv\Lib\site-packages\django\conf\urls\static.py first seen with mtime 1760156910.3510952
File C:\Users\LENOVO\Desktop\Guawolin\venv\Lib\site-packages\django\db\migrations\__init__.py first seen with mtime 1760156913.6482787
File C:\Users\LENOVO\Desktop\Guawolin\venv\Lib\site-packages\django\apps\registry.py first seen with mtime 1760156909.9800866
File C:\Users\LENOVO\Desktop\Guawolin\venv\Lib\site-packages\django\utils\timezone.py first seen with mtime 1760156913.846749
File C:\Program Files\Python313\DLLs\_decimal.pyd first seen with mtime 1733281092.0
File C:\Users\LENOVO\Desktop\Guawolin\venv\Lib\site-packages\django\views\generic\list.py first seen with mtime 1760156913.8696885
File C:\Program Files\Python313\Lib\random.py first seen with mtime 1733281048.0
File C:\Program Files\Python313\Lib\socket.py first seen with mtime 1733281048.0
File C:\Program Files\Python313\Lib\email\mime\nonmultipart.py first seen with mtime 1733281048.0
File C:\Program Files\Python313\Lib\re\_constants.py first seen with mtime 1733281048.0
File C:\Users\LENOVO\Desktop\Guawolin\venv\Lib\site-packages\django\utils\datastructures.py first seen with mtime 1760156913.824808
File C:\Users\LENOVO\Desktop\Guawolin\venv\Lib\site-packages\django\views\generic\detail.py first seen with mtime 1760156913.8676937
File C:\Users\LENOVO\Desktop\Guawolin\venv\Lib\site-packages\django\core\exceptions.py first seen with mtime 1760156913.5096495
File C:\Users\LENOVO\Desktop\Guawolin\venv\Lib\site-packages\django\db\backends\base\creation.py first seen with mtime 1760156913.6083863
File C:\Users\LENOVO\Desktop\Guawolin\venv\Lib\site-packages\django\core\management\commands\__init__.py first seen with mtime 1760156913.5674946
File C:\Users\LENOVO\Desktop\Guawolin\venv\Lib\site-packages\django\conf\urls\__init__.py first seen with mtime 1760156910.3500974
File C:\Users\LENOVO\Desktop\Guawolin\venv\Lib\site-packages\django\core\files\locks.py first seen with mtime 1760156913.5395708
File C:\Program Files\Python313\Lib\html\__init__.py first seen with mtime 1733281048.0
File C:\Program Files\Python313\Lib\json\scanner.py first seen with mtime 1733281048.0
File C:\Program Files\Python313\Lib\asyncio\trsock.py first seen with mtime 1733281048.0
File C:\Users\LENOVO\Desktop\Guawolin\venv\Lib\site-packages\django\db\models\query.py first seen with mtime 1760156913.675207
File C:\Program Files\Python313\Lib\warnings.py first seen with mtime 1733281050.0
File C:\Users\LENOVO\Desktop\Guawolin\venv\Lib\site-packages\sqlparse\engine\__init__.py first seen with mtime 1760156909.131356
File C:\Users\LENOVO\Desktop\Guawolin\venv\Lib\site-packages\sqlparse\engine\statement_splitter.py first seen with mtime 1760156909.1353457
File C:\Users\LENOVO\Desktop\Guawolin\venv\Lib\site-packages\django\views\defaults.py first seen with mtime 1760156913.856722
File C:\Program Files\Python313\Lib\_colorize.py first seen with mtime 1733281048.0
File C:\Users\LENOVO\Desktop\Guawolin\venv\Lib\site-packages\django\db\migrations\operations\special.py first seen with mtime 1760156913.6632397
File C:\Users\LENOVO\Desktop\Guawolin\venv\Lib\site-packages\sqlparse\formatter.py first seen with mtime 1760156909.124375
File C:\Program Files\Python313\Lib\wsgiref\handlers.py first seen with mtime 1733281050.0
File C:\Users\LENOVO\Desktop\Guawolin\venv\Lib\site-packages\django\core\signing.py first seen with mtime 1760156913.511644
File C:\Users\LENOVO\Desktop\Guawolin\venv\Lib\site-packages\django\contrib\auth\management\__init__.py first seen with mtime 1760156911.3364613
File C:\Users\LENOVO\Desktop\Guawolin\venv\Lib\site-packages\django\contrib\admin\templatetags\log.py first seen with mtime 1760156910.9086032
File C:\Users\LENOVO\Desktop\Guawolin\venv\Lib\site-packages\django\db\models\base.py first seen with mtime 1760156913.6662314
File C:\Users\LENOVO\Desktop\Guawolin\venv\Lib\site-packages\django\core\cache\backends\filebased.py first seen with mtime 1760156913.5196376
File C:\Users\LENOVO\Desktop\Guawolin\venv\Lib\site-packages\django\views\generic\__init__.py first seen with mtime 1760156913.8656976
File C:\Users\LENOVO\Desktop\Guawolin\venv\Lib\site-packages\django\db\models\fields\reverse_related.py first seen with mtime 1760156913.686177
File C:\Users\LENOVO\Desktop\Guawolin\venv\Lib\site-packages\qrcode\exceptions.py first seen with mtime 1764562470.670502
File C:\Program Files\Python313\Lib\enum.py first seen with mtime 1733281048.0
File C:\Program Files\Python313\Lib\asyncio\mixins.py first seen with mtime 1733281048.0
File C:\Users\LENOVO\Desktop\Guawolin\venv\Lib\site-packages\django\contrib\auth\base_user.py first seen with mtime 1760156911.1220343
File C:\Program Files\Python313\Lib\selectors.py first seen with mtime 1733281048.0
File C:\Users\LENOVO\Desktop\Guawolin\venv\Lib\site-packages\django\template\exceptions.py first seen with mtime 1760156913.7869089
File C:\Users\LENOVO\Desktop\Guawolin\venv\Lib\site-packages\django\db\migrations\operations\fields.py first seen with mtime 1760156913.6612442
File C:\Program Files\Python313\Lib\signal.py first seen with mtime 1733281048.0
File C:\Users\LENOVO\Desktop\Guawolin\venv\Lib\site-packages\django\db\models\fields\files.py first seen with mtime 1760156913.680194
File C:\Users\LENOVO\Desktop\Guawolin\venv\Lib\site-packages\django\templatetags\i18n.py first seen with mtime 1760156913.802866
File C:\Users\LENOVO\Desktop\Guawolin\venv\Lib\site-packages\django\utils\http.py first seen with mtime 1760156913.8357785
File C:\Users\LENOVO\Desktop\Guawolin\venv\Lib\site-packages\django\db\models\fields\generated.py first seen with mtime 1760156913.680194
File C:\Users\LENOVO\Desktop\Guawolin\venv\Lib\site-packages\sqlparse\tokens.py first seen with mtime 1760156909.1283636
File C:\Users\LENOVO\Desktop\Guawolin\venv\Lib\site-packages\django\utils\lorem_ipsum.py first seen with mtime 1760156913.840765
File C:\Users\LENOVO\Desktop\Guawolin\venv\Lib\site-packages\django\contrib\messages\apps.py first seen with mtime 1760156912.4075963
File C:\Program Files\Python313\Lib\threading.py first seen with mtime 1733281050.0
File C:\Program Files\Python313\Lib\argparse.py first seen with mtime 1733281048.0
File C:\Users\LENOVO\Desktop\Guawolin\venv\Lib\site-packages\django\utils\duration.py first seen with mtime 1760156913.8297935
File C:\Users\LENOVO\Desktop\Guawolin\venv\Lib\site-packages\django\urls\converters.py first seen with mtime 1760156913.8148346
File C:\Program Files\Python313\Lib\getpass.py first seen with mtime 1733281048.0
File C:\Users\LENOVO\Desktop\Guawolin\venv\Lib\site-packages\django\http\cookie.py first seen with mtime 1760156913.7729454
File C:\Users\LENOVO\Desktop\Guawolin\venv\Lib\site-packages\django\contrib\auth\__init__.py first seen with mtime 1760156911.1190412
File C:\Users\LENOVO\Desktop\Guawolin\venv\Lib\site-packages\django\contrib\auth\checks.py first seen with mtime 1760156911.1230328
File C:\Program Files\Python313\Lib\concurrent\__init__.py first seen with mtime 1733281048.0
File C:\Users\LENOVO\Desktop\Guawolin\venv\Lib\site-packages\django\db\backends\signals.py first seen with mtime 1760156913.6033995
File C:\Program Files\Python313\Lib\_weakrefset.py first seen with mtime 1733281048.0
File C:\Users\LENOVO\Desktop\Guawolin\venv\Lib\site-packages\django\db\backends\__init__.py first seen with mtime 1760156913.6024022
File C:\Users\LENOVO\Desktop\Guawolin\venv\Lib\site-packages\django\contrib\admin\apps.py first seen with mtime 1760156910.354086
File C:\Users\LENOVO\Desktop\Guawolin\venv\Lib\site-packages\django\contrib\contenttypes\management\__init__.py first seen with mtime 1760156911.5778148
File C:\Program Files\Python313\Lib\asyncio\queues.py first seen with mtime 1733281048.0
File C:\Users\LENOVO\Desktop\Guawolin\venv\Lib\site-packages\PIL\ExifTags.py first seen with mtime 1760491199.5300057
File C:\Users\LENOVO\Desktop\Guawolin\venv\Lib\site-packages\django\template\autoreload.py first seen with mtime 1760156913.7829194
File C:\Users\LENOVO\Desktop\Guawolin\venv\Lib\site-packages\django\forms\forms.py first seen with mtime 1760156913.7071218
File C:\Program Files\Python313\Lib\shutil.py first seen with mtime 1733281048.0
File C:\Program Files\Python313\Lib\ipaddress.py first seen with mtime 1733281048.0
File C:\Users\LENOVO\Desktop\Guawolin\venv\Lib\site-packages\django\core\checks\messages.py first seen with mtime 1760156913.5276015
File C:\Users\LENOVO\Desktop\Guawolin\venv\Lib\site-packages\stripe\_error.py first seen with mtime 1765331948.4424794
File C:\Program Files\Python313\Lib\email\contentmanager.py first seen with mtime 1733281048.0
File C:\Users\LENOVO\Desktop\Guawolin\venv\Lib\site-packages\qrcode\image\styles\moduledrawers\pil.py first seen with mtime 1764562470.6785069
File C:\Program Files\Python313\Lib\pathlib\__init__.py first seen with mtime 1733281048.0
File C:\Program Files\Python313\Lib\http\client.py first seen with mtime 1733281048.0
File C:\Users\LENOVO\Desktop\Guawolin\venv\Lib\site-packages\PIL\_imaging.cp313-win_amd64.pyd first seen with mtime 1760491199.8175354
File C:\Program Files\Python313\Lib\contextvars.py first seen with mtime 1733281048.0
File C:\Users\LENOVO\Desktop\Guawolin\venv\Lib\site-packages\django\db\models\fields\__init__.py first seen with mtime 1760156913.6781988
File C:\Users\LENOVO\Desktop\Guawolin\venv\Lib\site-packages\PIL\_typing.py first seen with mtime 1760491199.8758028
File C:\Users\LENOVO\Desktop\Guawolin\templates\eventos first seen with mtime 1765585923.980505
File C:\Users\LENOVO\Desktop\Guawolin\templates\guawolin first seen with mtime 1765484690.155289
File C:\Users\LENOVO\Desktop\Guawolin\templates\partials first seen with mtime 1764567118.5924983
File C:\Users\LENOVO\Desktop\Guawolin\templates\tickets first seen with mtime 1765575218.7192192
File C:\Users\LENOVO\Desktop\Guawolin\templates\eventos\api_docs.html first seen with mtime 1765585926.2440383
File C:\Users\LENOVO\Desktop\Guawolin\templates\eventos\buscar_evento.html first seen with mtime 1765573907.2999136
File C:\Users\LENOVO\Desktop\Guawolin\templates\eventos\create_event.html first seen with mtime 1764567118.5834985
File C:\Users\LENOVO\Desktop\Guawolin\templates\eventos\detalle_eventoA.html first seen with mtime 1765538316.6025608
File C:\Users\LENOVO\Desktop\Guawolin\templates\eventos\detalle_eventoO.html first seen with mtime 1765562877.7065694
File C:\Users\LENOVO\Desktop\Guawolin\templates\eventos\editar_evento.html first seen with mtime 1765444919.4811177
File C:\Users\LENOVO\Desktop\Guawolin\templates\eventos\eliminacion_evento.html first seen with mtime 1764567118.5855057
File C:\Users\LENOVO\Desktop\Guawolin\templates\eventos\eventos_disponibles.html first seen with mtime 1765352031.4194632
File C:\Users\LENOVO\Desktop\Guawolin\templates\eventos\faq.html first seen with mtime 1765576881.2162113
File C:\Users\LENOVO\Desktop\Guawolin\templates\eventos\gestionar_eventos.html first seen with mtime 1765584086.999738
File C:\Users\LENOVO\Desktop\Guawolin\templates\eventos\gestionar_usuarios.html first seen with mtime 1765584548.8133597
File C:\Users\LENOVO\Desktop\Guawolin\templates\eventos\logs.html first seen with mtime 1765585863.9733765
File C:\Users\LENOVO\Desktop\Guawolin\templates\eventos\mis_eventosO.html first seen with mtime 1765563034.0136087
File C:\Users\LENOVO\Desktop\Guawolin\templates\eventos\mis_favoritos.html first seen with mtime 1765437399.7988973
File C:\Users\LENOVO\Desktop\Guawolin\templates\eventos\panel_administrador.html first seen with mtime 1765585216.3053856
File C:\Users\LENOVO\Desktop\Guawolin\templates\eventos\panel_asistente.html first seen with mtime 1765577465.7033014
File C:\Users\LENOVO\Desktop\Guawolin\templates\eventos\panel_desarrollador.html first seen with mtime 1765586424.3532043
File C:\Users\LENOVO\Desktop\Guawolin\templates\eventos\panel_organizador.html first seen with mtime 1765564464.1583652
File C:\Users\LENOVO\Desktop\Guawolin\templates\eventos\panel_soporte.html first seen with mtime 1765577247.4082098
File C:\Users\LENOVO\Desktop\Guawolin\templates\eventos\resolver_incidencia.html first seen with mtime 1765577145.5198946
File C:\Users\LENOVO\Desktop\Guawolin\templates\eventos\ver_asistentes.html first seen with mtime 1765444988.7906928
File C:\Users\LENOVO\Desktop\Guawolin\templates\guawolin\como_usar.html first seen with mtime 1765440079.545102
File C:\Users\LENOVO\Desktop\Guawolin\templates\guawolin\home.html first seen with mtime 1765572791.9737778
File C:\Users\LENOVO\Desktop\Guawolin\templates\guawolin\login.html first seen with mtime 1760095106.705422
File C:\Users\LENOVO\Desktop\Guawolin\templates\guawolin\profile_settings.html first seen with mtime 1765484808.0643344
File C:\Users\LENOVO\Desktop\Guawolin\templates\partials\base.html first seen with mtime 1765574825.9983928
File C:\Users\LENOVO\Desktop\Guawolin\templates\partials\footer.html first seen with mtime 1765442670.3077953
File C:\Users\LENOVO\Desktop\Guawolin\templates\partials\navbar.html first seen with mtime 1765583085.2756815
File C:\Users\LENOVO\Desktop\Guawolin\templates\tickets\cancel.html first seen with mtime 1765335963.0711262
File C:\Users\LENOVO\Desktop\Guawolin\templates\tickets\crear_incidencia.html first seen with mtime 1765575678.8102632
File C:\Users\LENOVO\Desktop\Guawolin\templates\tickets\mis_tickets.html first seen with mtime 1765539581.4693274
File C:\Users\LENOVO\Desktop\Guawolin\templates\tickets\ReAdmin.html first seen with mtime 1765574824.280972
File C:\Users\LENOVO\Desktop\Guawolin\templates\tickets\ReAssistant.html first seen with mtime 1760100145.418952
File C:\Users\LENOVO\Desktop\Guawolin\templates\tickets\ReDev.html first seen with mtime 1765574823.3302467
File C:\Users\LENOVO\Desktop\Guawolin\templates\tickets\ReOrganizer.html first seen with mtime 1760099565.904039
File C:\Users\LENOVO\Desktop\Guawolin\templates\tickets\reportes.html first seen with mtime 1764567118.5961845
File C:\Users\LENOVO\Desktop\Guawolin\templates\tickets\ReSoporte.html first seen with mtime 1765574821.7147558
File C:\Users\LENOVO\Desktop\Guawolin\venv\Lib\site-packages\django\db\migrations\graph.py first seen with mtime 1760156913.6522682
File C:\Users\LENOVO\Desktop\Guawolin\venv\Lib\site-packages\django\contrib\auth\migrations\0002_alter_permission_name_max_length.py first seen with mtime 1760156911.3404503
File C:\Users\LENOVO\Desktop\Guawolin\venv\Lib\site-packages\django\db\migrations\recorder.py first seen with mtime 1760156913.6562579
File C:\Users\LENOVO\Desktop\Guawolin\venv\Lib\site-packages\django\contrib\staticfiles\storage.py first seen with mtime 1760156913.497682
File C:\Users\LENOVO\Desktop\Guawolin\venv\Lib\site-packages\django\contrib\admin\migrations\0002_logentry_remove_auto_add.py first seen with mtime 1760156910.7530198
File C:\Users\LENOVO\Desktop\Guawolin\venv\Lib\site-packages\django\contrib\auth\migrations\0008_alter_user_username_max_length.py first seen with mtime 1760156911.3454366
File C:\Users\LENOVO\Desktop\Guawolin\venv\Lib\site-packages\django\core\management\commands\migrate.py first seen with mtime 1760156913.5784664
File C:\Users\LENOVO\Desktop\Guawolin\venv\Lib\site-packages\django\contrib\auth\migrations\0007_alter_validators_add_error_messages.py first seen with mtime 1760156911.3444388
File C:\Users\LENOVO\Desktop\Guawolin\venv\Lib\site-packages\django\contrib\sessions\migrations\0001_initial.py first seen with mtime 1760156913.2423644
File C:\Users\LENOVO\Desktop\Guawolin\venv\Lib\site-packages\django\contrib\sessions\backends\__init__.py first seen with mtime 1760156912.9680986
File C:\Users\LENOVO\Desktop\Guawolin\venv\Lib\site-packages\django\contrib\contenttypes\migrations\__init__.py first seen with mtime 1760156911.581804
File C:\Users\LENOVO\Desktop\Guawolin\venv\Lib\site-packages\django\db\migrations\serializer.py first seen with mtime 1760156913.6572547
File C:\Users\LENOVO\Desktop\Guawolin\tickets\migrations\0006_ticket_transferido_por.py first seen with mtime 1765535510.9009314
File C:\Users\LENOVO\Desktop\Guawolin\venv\Lib\site-packages\django\core\management\commands\makemigrations.py first seen with mtime 1760156913.5774696
File C:\Users\LENOVO\Desktop\Guawolin\venv\Lib\site-packages\whitenoise\string_utils.py first seen with mtime 1760326946.851275
File C:\Users\LENOVO\Desktop\Guawolin\venv\Lib\site-packages\django\contrib\sessions\middleware.py first seen with mtime 1760156912.9661033
File C:\Users\LENOVO\Desktop\Guawolin\venv\Lib\site-packages\django\contrib\admin\migrations\__init__.py first seen with mtime 1760156910.7560122
File C:\Users\LENOVO\Desktop\Guawolin\tickets\migrations\0008_incidencia_respuesta.py first seen with mtime 1765577329.392068
File C:\Users\LENOVO\Desktop\Guawolin\venv\Lib\site-packages\django\contrib\admin\migrations\0001_initial.py first seen with mtime 1760156910.752023
File C:\Users\LENOVO\Desktop\Guawolin\venv\Lib\site-packages\django\db\migrations\questioner.py first seen with mtime 1760156913.6552603
File C:\Users\LENOVO\Desktop\Guawolin\venv\Lib\site-packages\django\contrib\auth\migrations\0004_alter_user_username_opts.py first seen with mtime 1760156911.3434415
File C:\Users\LENOVO\Desktop\Guawolin\venv\Lib\site-packages\django\contrib\auth\migrations\0003_alter_user_email_max_length.py first seen with mtime 1760156911.3424442
File C:\Users\LENOVO\Desktop\Guawolin\tickets\migrations\0003_ticket_estado.py first seen with mtime 1765438294.660688
File C:\Users\LENOVO\Desktop\Guawolin\venv\Lib\site-packages\django\contrib\auth\migrations\0005_alter_user_last_login_null.py first seen with mtime 1760156911.3434415
File C:\Program Files\Python313\Lib\stringprep.py first seen with mtime 1733281048.0
File C:\Users\LENOVO\Desktop\Guawolin\guawolin\wsgi.py first seen with mtime 1759885996.966417
File C:\Users\LENOVO\Desktop\Guawolin\venv\Lib\site-packages\django\contrib\contenttypes\migrations\0001_initial.py first seen with mtime 1760156911.5808074
File C:\Users\LENOVO\Desktop\Guawolin\venv\Lib\site-packages\django\contrib\auth\migrations\0006_require_contenttypes_0002.py first seen with mtime 1760156911.3444388
File C:\Users\LENOVO\Desktop\Guawolin\tickets\migrations\__init__.py first seen with mtime 1759885997.0388067
File C:\Users\LENOVO\Desktop\Guawolin\venv\Lib\site-packages\django\middleware\clickjacking.py first seen with mtime 1760156913.7769346
File C:\Users\LENOVO\Desktop\Guawolin\venv\Lib\site-packages\django\contrib\sessions\exceptions.py first seen with mtime 1760156912.9651065
File C:\Users\LENOVO\Desktop\Guawolin\venv\Lib\site-packages\django\contrib\auth\migrations\0010_alter_group_name_max_length.py first seen with mtime 1760156911.3464332
File C:\Users\LENOVO\Desktop\Guawolin\venv\Lib\site-packages\django\db\migrations\optimizer.py first seen with mtime 1760156913.6542642
File C:\Users\LENOVO\Desktop\Guawolin\tickets\migrations\0007_incidencia.py first seen with mtime 1765574840.0618267
File C:\Users\LENOVO\Desktop\Guawolin\venv\Lib\site-packages\django\middleware\common.py first seen with mtime 1760156913.777935
File C:\Users\LENOVO\Desktop\Guawolin\tickets\migrations\0004_remove_ticket_confirmado.py first seen with mtime 1765443783.5878613
File C:\Users\LENOVO\Desktop\Guawolin\venv\Lib\site-packages\django\contrib\sessions\migrations\__init__.py first seen with mtime 1760156913.2423644
File C:\Users\LENOVO\Desktop\Guawolin\venv\Lib\site-packages\django\core\cache\backends\locmem.py first seen with mtime 1760156913.5206234
File C:\Users\LENOVO\Desktop\Guawolin\venv\Lib\site-packages\django\db\models\sql\compiler.py first seen with mtime 1760156913.6971493
File C:\Users\LENOVO\Desktop\Guawolin\venv\Lib\site-packages\django\contrib\auth\migrations\0009_alter_user_last_name_max_length.py first seen with mtime 1760156911.3464332
File C:\Users\LENOVO\Desktop\Guawolin\tickets\migrations\0005_ticket_fecha_transferencia_ticket_transferido_a_and_more.py first seen with mtime 1765480488.0642762
File C:\Users\LENOVO\Desktop\Guawolin\venv\Lib\site-packages\django\contrib\admin\migrations\0003_logentry_add_action_flag_choices.py first seen with mtime 1760156910.755015
File C:\Users\LENOVO\Desktop\Guawolin\venv\Lib\site-packages\django\contrib\auth\migrations\__init__.py first seen with mtime 1760156911.3484285
File C:\Users\LENOVO\Desktop\Guawolin\tickets\migrations\0009_evento_fecha_creacion.py first seen with mtime 1765583616.9042127
File C:\Users\LENOVO\Desktop\Guawolin\venv\Lib\site-packages\django\db\migrations\writer.py first seen with mtime 1760156913.6592498
File C:\Users\LENOVO\Desktop\Guawolin\venv\Lib\site-packages\django\contrib\sessions\backends\base.py first seen with mtime 1760156912.9690962
File C:\Users\LENOVO\Desktop\Guawolin\venv\Lib\site-packages\django\db\migrations\autodetector.py first seen with mtime 1760156913.6492765
File C:\Users\LENOVO\Desktop\Guawolin\venv\Lib\site-packages\django\contrib\messages\middleware.py first seen with mtime 1760156912.4095902
File C:\Users\LENOVO\Desktop\Guawolin\venv\Lib\site-packages\django\contrib\auth\migrations\0001_initial.py first seen with mtime 1760156911.3394537
File C:\Users\LENOVO\Desktop\Guawolin\venv\Lib\site-packages\django\db\migrations\loader.py first seen with mtime 1760156913.6532655
File C:\Users\LENOVO\Desktop\Guawolin\venv\Lib\site-packages\whitenoise\middleware.py first seen with mtime 1760326946.8492794
File C:\Users\LENOVO\Desktop\Guawolin\venv\Lib\site-packages\django\contrib\auth\migrations\0012_alter_user_first_name_max_length.py first seen with mtime 1760156911.3484285
File C:\Users\LENOVO\Desktop\Guawolin\venv\Lib\site-packages\django\contrib\contenttypes\migrations\0002_remove_content_type_name.py first seen with mtime 1760156911.5808074
File C:\Users\LENOVO\Desktop\Guawolin\venv\Lib\site-packages\django\contrib\auth\migrations\0011_update_proxy_permissions.py first seen with mtime 1760156911.3474307
File C:\Program Files\Python313\Lib\encodings\idna.py first seen with mtime 1733281048.0
File C:\Users\LENOVO\Desktop\Guawolin\tickets\migrations\0001_initial.py first seen with mtime 1765337841.003924
File C:\Users\LENOVO\Desktop\Guawolin\tickets\migrations\0002_eventofavorito.py first seen with mtime 1765352376.5762007
File C:\Users\LENOVO\Desktop\Guawolin\venv\Lib\site-packages\django\core\management\sql.py first seen with mtime 1760156913.5645041
File C:\Users\LENOVO\Desktop\Guawolin\venv\Lib\site-packages\django\views\csrf.py first seen with mtime 1760156913.855725
File C:\Users\LENOVO\Desktop\Guawolin\venv\Lib\site-packages\django\core\management\utils.py first seen with mtime 1760156913.5674946
File C:\Users\LENOVO\Desktop\Guawolin\venv\Lib\site-packages\django\db\migrations\executor.py first seen with mtime 1760156913.651271
File C:\Users\LENOVO\Desktop\Guawolin\venv\Lib\site-packages\django\contrib\sessions\backends\db.py first seen with mtime 1760156912.9710906
Watching for file changes with StatReloader
"GET /tickets/dev/ HTTP/1.1" 200 10661
"GET /tickets/dev/ HTTP/1.1" 200 10636
"GET /tickets/logs/ HTTP/1.1" 200 7276
"GET /tickets/logs/ HTTP/1.1" 200 8613
C:\Users\LENOVO\Desktop\Guawolin\tickets\views.py changed, reloading.
Watching for file changes with StatReloader
"GET /tickets/logs/ HTTP/1.1" 200 29206
"GET /tickets/logs/ HTTP/1.1" 200 54858
"GET /tickets/api-docs/ HTTP/1.1" 200 7564
C:\Users\LENOVO\Desktop\Guawolin\tickets\views.py changed, reloading.
Watching for file changes with StatReloader
"GET /tickets/api-docs/ HTTP/1.1" 200 12900
"GET /static/css/base.css HTTP/1.1" 304 0
C:\Users\LENOVO\Desktop\Guawolin\tickets\views.py changed, reloading.
Watching for file changes with StatReloader
"GET /tickets/api-docs/ HTTP/1.1" 200 20610
C:\Users\LENOVO\Desktop\Guawolin\guawolin\settings.py changed, reloading.
Watching for file changes with StatReloader
